2017-11-30 21:08:57|ERROR|App.Comment.submitcomment|PDOException: Column 'cc_content' cannot be null in /Users/lixuanqi/Github/rate/backend/vendor/phalapi/notorm/src/NotORM/Result.php:261
Stack trace:
#0 /Users/lixuanqi/Github/rate/backend/vendor/phalapi/notorm/src/NotORM/Result.php(338): NotORM_Result->query('INSERT INTO cou...', Array)
#1 /Users/lixuanqi/Github/rate/backend/vendor/phalapi/notorm/src/NotORM/Result.php(355): NotORM_Result->insert_multi(Array)
#2 /Users/lixuanqi/Github/rate/backend/src/app/Model/Comment.php(17): NotORM_Result->insert(Array)
#3 /Users/lixuanqi/Github/rate/backend/src/app/Domain/Comment.php(15): App\Model\Comment->submitComment(NULL, NULL, NULL, NULL, NULL, NULL, '2017-11-30', NULL)
#4 /Users/lixuanqi/Github/rate/backend/src/app/Api/Comment.php(35): App\Domain\Comment->submitComment(NULL, NULL, NULL, NULL, NULL, NULL, '2017-11-30', NULL)
#5 [internal function]: App\Api\Comment->submitComment()
#6 /Users/lixuanqi/Github/rate/backend/vendor/phalapi/kernal/src/PhalApi.php(49): call_user_func(Array)
#7 /Users/lixuanqi/Github/rate/backend/public/index.php(9): PhalApi\PhalApi->response()
#8 {main}
2017-11-30 21:09:26|ERROR|App.Comment.submitcomment|PDOException: Column 'cc_content' cannot be null in /Users/lixuanqi/Github/rate/backend/vendor/phalapi/notorm/src/NotORM/Result.php:261
Stack trace:
#0 /Users/lixuanqi/Github/rate/backend/vendor/phalapi/notorm/src/NotORM/Result.php(338): NotORM_Result->query('INSERT INTO cou...', Array)
#1 /Users/lixuanqi/Github/rate/backend/vendor/phalapi/notorm/src/NotORM/Result.php(355): NotORM_Result->insert_multi(Array)
#2 /Users/lixuanqi/Github/rate/backend/src/app/Model/Comment.php(17): NotORM_Result->insert(Array)
#3 /Users/lixuanqi/Github/rate/backend/src/app/Domain/Comment.php(15): App\Model\Comment->submitComment(NULL, NULL, NULL, NULL, NULL, NULL, '2017-11-30', NULL)
#4 /Users/lixuanqi/Github/rate/backend/src/app/Api/Comment.php(35): App\Domain\Comment->submitComment(NULL, NULL, NULL, NULL, NULL, NULL, '2017-11-30', NULL)
#5 [internal function]: App\Api\Comment->submitComment()
#6 /Users/lixuanqi/Github/rate/backend/vendor/phalapi/kernal/src/PhalApi.php(49): call_user_func(Array)
#7 /Users/lixuanqi/Github/rate/backend/public/index.php(9): PhalApi\PhalApi->response()
#8 {main}
2017-11-30 21:09:53|ERROR|App.Comment.submitcomment|PDOException: Column 'cc_content' cannot be null in /Users/lixuanqi/Github/rate/backend/vendor/phalapi/notorm/src/NotORM/Result.php:261
Stack trace:
#0 /Users/lixuanqi/Github/rate/backend/vendor/phalapi/notorm/src/NotORM/Result.php(338): NotORM_Result->query('INSERT INTO cou...', Array)
#1 /Users/lixuanqi/Github/rate/backend/vendor/phalapi/notorm/src/NotORM/Result.php(355): NotORM_Result->insert_multi(Array)
#2 /Users/lixuanqi/Github/rate/backend/src/app/Model/Comment.php(17): NotORM_Result->insert(Array)
#3 /Users/lixuanqi/Github/rate/backend/src/app/Domain/Comment.php(15): App\Model\Comment->submitComment(NULL, NULL, NULL, NULL, NULL, NULL, '2017-11-30', NULL)
#4 /Users/lixuanqi/Github/rate/backend/src/app/Api/Comment.php(35): App\Domain\Comment->submitComment(NULL, NULL, NULL, NULL, NULL, NULL, '2017-11-30', NULL)
#5 [internal function]: App\Api\Comment->submitComment()
#6 /Users/lixuanqi/Github/rate/backend/vendor/phalapi/kernal/src/PhalApi.php(49): call_user_func(Array)
#7 /Users/lixuanqi/Github/rate/backend/public/index.php(9): PhalApi\PhalApi->response()
#8 {main}
2017-11-30 21:10:29|ERROR|App.Comment.submitcomment|PDOException: Column 'cc_content' cannot be null in /Users/lixuanqi/Github/rate/backend/vendor/phalapi/notorm/src/NotORM/Result.php:261
Stack trace:
#0 /Users/lixuanqi/Github/rate/backend/vendor/phalapi/notorm/src/NotORM/Result.php(338): NotORM_Result->query('INSERT INTO cou...', Array)
#1 /Users/lixuanqi/Github/rate/backend/vendor/phalapi/notorm/src/NotORM/Result.php(355): NotORM_Result->insert_multi(Array)
#2 /Users/lixuanqi/Github/rate/backend/src/app/Model/Comment.php(17): NotORM_Result->insert(Array)
#3 /Users/lixuanqi/Github/rate/backend/src/app/Domain/Comment.php(15): App\Model\Comment->submitComment(NULL, NULL, NULL, NULL, NULL, NULL, '2017-11-30', NULL)
#4 /Users/lixuanqi/Github/rate/backend/src/app/Api/Comment.php(35): App\Domain\Comment->submitComment(NULL, NULL, NULL, NULL, NULL, NULL, '2017-11-30', NULL)
#5 [internal function]: App\Api\Comment->submitComment()
#6 /Users/lixuanqi/Github/rate/backend/vendor/phalapi/kernal/src/PhalApi.php(49): call_user_func(Array)
#7 /Users/lixuanqi/Github/rate/backend/public/index.php(9): PhalApi\PhalApi->response()
#8 {main}
2017-11-30 21:11:19|ERROR|App.Comment.submitcomment|PDOException: Column 'cc_content' cannot be null in /Users/lixuanqi/Github/rate/backend/vendor/phalapi/notorm/src/NotORM/Result.php:261
Stack trace:
#0 /Users/lixuanqi/Github/rate/backend/vendor/phalapi/notorm/src/NotORM/Result.php(338): NotORM_Result->query('INSERT INTO cou...', Array)
#1 /Users/lixuanqi/Github/rate/backend/vendor/phalapi/notorm/src/NotORM/Result.php(355): NotORM_Result->insert_multi(Array)
#2 /Users/lixuanqi/Github/rate/backend/src/app/Model/Comment.php(17): NotORM_Result->insert(Array)
#3 /Users/lixuanqi/Github/rate/backend/src/app/Domain/Comment.php(15): App\Model\Comment->submitComment(NULL, NULL, NULL, NULL, NULL, NULL, '2017-11-30', NULL)
#4 /Users/lixuanqi/Github/rate/backend/src/app/Api/Comment.php(35): App\Domain\Comment->submitComment(NULL, NULL, NULL, NULL, NULL, NULL, '2017-11-30', NULL)
#5 [internal function]: App\Api\Comment->submitComment()
#6 /Users/lixuanqi/Github/rate/backend/vendor/phalapi/kernal/src/PhalApi.php(49): call_user_func(Array)
#7 /Users/lixuanqi/Github/rate/backend/public/index.php(9): PhalApi\PhalApi->response()
#8 {main}
2017-11-30 21:11:58|ERROR|App.Comment.submitcomment|PDOException: Column 'cc_content' cannot be null in /Users/lixuanqi/Github/rate/backend/vendor/phalapi/notorm/src/NotORM/Result.php:261
Stack trace:
#0 /Users/lixuanqi/Github/rate/backend/vendor/phalapi/notorm/src/NotORM/Result.php(338): NotORM_Result->query('INSERT INTO cou...', Array)
#1 /Users/lixuanqi/Github/rate/backend/vendor/phalapi/notorm/src/NotORM/Result.php(355): NotORM_Result->insert_multi(Array)
#2 /Users/lixuanqi/Github/rate/backend/src/app/Model/Comment.php(17): NotORM_Result->insert(Array)
#3 /Users/lixuanqi/Github/rate/backend/src/app/Domain/Comment.php(15): App\Model\Comment->submitComment(NULL, NULL, NULL, NULL, NULL, NULL, '2017-11-30', NULL)
#4 /Users/lixuanqi/Github/rate/backend/src/app/Api/Comment.php(35): App\Domain\Comment->submitComment(NULL, NULL, NULL, NULL, NULL, NULL, '2017-11-30', NULL)
#5 [internal function]: App\Api\Comment->submitComment()
#6 /Users/lixuanqi/Github/rate/backend/vendor/phalapi/kernal/src/PhalApi.php(49): call_user_func(Array)
#7 /Users/lixuanqi/Github/rate/backend/public/index.php(9): PhalApi\PhalApi->response()
#8 {main}
2017-11-30 21:14:24|ERROR|App.Comment.submitcomment|PDOException: Column 'cc_content' cannot be null in /Users/lixuanqi/Github/rate/backend/vendor/phalapi/notorm/src/NotORM/Result.php:261
Stack trace:
#0 /Users/lixuanqi/Github/rate/backend/vendor/phalapi/notorm/src/NotORM/Result.php(338): NotORM_Result->query('INSERT INTO cou...', Array)
#1 /Users/lixuanqi/Github/rate/backend/vendor/phalapi/notorm/src/NotORM/Result.php(355): NotORM_Result->insert_multi(Array)
#2 /Users/lixuanqi/Github/rate/backend/src/app/Model/Comment.php(17): NotORM_Result->insert(Array)
#3 /Users/lixuanqi/Github/rate/backend/src/app/Domain/Comment.php(15): App\Model\Comment->submitComment(NULL, NULL, NULL, NULL, NULL, NULL, '2017-11-30', NULL)
#4 /Users/lixuanqi/Github/rate/backend/src/app/Api/Comment.php(35): App\Domain\Comment->submitComment(NULL, NULL, NULL, NULL, NULL, NULL, '2017-11-30', NULL)
#5 [internal function]: App\Api\Comment->submitComment()
#6 /Users/lixuanqi/Github/rate/backend/vendor/phalapi/kernal/src/PhalApi.php(49): call_user_func(Array)
#7 /Users/lixuanqi/Github/rate/backend/public/index.php(9): PhalApi\PhalApi->response()
#8 {main}
2017-11-30 21:14:57|ERROR|App.Comment.submitcomment|PDOException: Column 'cc_content' cannot be null in /Users/lixuanqi/Github/rate/backend/vendor/phalapi/notorm/src/NotORM/Result.php:261
Stack trace:
#0 /Users/lixuanqi/Github/rate/backend/vendor/phalapi/notorm/src/NotORM/Result.php(338): NotORM_Result->query('INSERT INTO cou...', Array)
#1 /Users/lixuanqi/Github/rate/backend/vendor/phalapi/notorm/src/NotORM/Result.php(355): NotORM_Result->insert_multi(Array)
#2 /Users/lixuanqi/Github/rate/backend/src/app/Model/Comment.php(17): NotORM_Result->insert(Array)
#3 /Users/lixuanqi/Github/rate/backend/src/app/Domain/Comment.php(15): App\Model\Comment->submitComment(NULL, NULL, NULL, NULL, NULL, NULL, '2017-11-30', NULL)
#4 /Users/lixuanqi/Github/rate/backend/src/app/Api/Comment.php(35): App\Domain\Comment->submitComment(NULL, NULL, NULL, NULL, NULL, NULL, '2017-11-30', NULL)
#5 [internal function]: App\Api\Comment->submitComment()
#6 /Users/lixuanqi/Github/rate/backend/vendor/phalapi/kernal/src/PhalApi.php(49): call_user_func(Array)
#7 /Users/lixuanqi/Github/rate/backend/public/index.php(9): PhalApi\PhalApi->response()
#8 {main}
2017-11-30 21:15:28|ERROR|App.Comment.submitcomment|PDOException: Column 'cc_content' cannot be null in /Users/lixuanqi/Github/rate/backend/vendor/phalapi/notorm/src/NotORM/Result.php:261
Stack trace:
#0 /Users/lixuanqi/Github/rate/backend/vendor/phalapi/notorm/src/NotORM/Result.php(338): NotORM_Result->query('INSERT INTO cou...', Array)
#1 /Users/lixuanqi/Github/rate/backend/vendor/phalapi/notorm/src/NotORM/Result.php(355): NotORM_Result->insert_multi(Array)
#2 /Users/lixuanqi/Github/rate/backend/src/app/Model/Comment.php(17): NotORM_Result->insert(Array)
#3 /Users/lixuanqi/Github/rate/backend/src/app/Domain/Comment.php(15): App\Model\Comment->submitComment(NULL, NULL, NULL, NULL, NULL, NULL, '2017-11-30', NULL)
#4 /Users/lixuanqi/Github/rate/backend/src/app/Api/Comment.php(35): App\Domain\Comment->submitComment(NULL, NULL, NULL, NULL, NULL, NULL, '2017-11-30', NULL)
#5 [internal function]: App\Api\Comment->submitComment()
#6 /Users/lixuanqi/Github/rate/backend/vendor/phalapi/kernal/src/PhalApi.php(49): call_user_func(Array)
#7 /Users/lixuanqi/Github/rate/backend/public/index.php(9): PhalApi\PhalApi->response()
#8 {main}
2017-11-30 21:32:18|ERROR|App.Comment.submitcomment|PDOException: Column 'cc_content' cannot be null in /Users/lixuanqi/Github/rate/backend/vendor/phalapi/notorm/src/NotORM/Result.php:261
Stack trace:
#0 /Users/lixuanqi/Github/rate/backend/vendor/phalapi/notorm/src/NotORM/Result.php(338): NotORM_Result->query('INSERT INTO cou...', Array)
#1 /Users/lixuanqi/Github/rate/backend/vendor/phalapi/notorm/src/NotORM/Result.php(355): NotORM_Result->insert_multi(Array)
#2 /Users/lixuanqi/Github/rate/backend/src/app/Model/Comment.php(17): NotORM_Result->insert(Array)
#3 /Users/lixuanqi/Github/rate/backend/src/app/Domain/Comment.php(15): App\Model\Comment->submitComment(NULL, NULL, NULL, NULL, NULL, NULL, '2017-11-30', NULL)
#4 /Users/lixuanqi/Github/rate/backend/src/app/Api/Comment.php(35): App\Domain\Comment->submitComment(NULL, NULL, NULL, NULL, NULL, NULL, '2017-11-30', NULL)
#5 [internal function]: App\Api\Comment->submitComment()
#6 /Users/lixuanqi/Github/rate/backend/vendor/phalapi/kernal/src/PhalApi.php(49): call_user_func(Array)
#7 /Users/lixuanqi/Github/rate/backend/public/index.php(9): PhalApi\PhalApi->response()
#8 {main}
2017-11-30 21:33:10|ERROR|App.Comment.submitcomment|PDOException: Column 'cc_content' cannot be null in /Users/lixuanqi/Github/rate/backend/vendor/phalapi/notorm/src/NotORM/Result.php:261
Stack trace:
#0 /Users/lixuanqi/Github/rate/backend/vendor/phalapi/notorm/src/NotORM/Result.php(338): NotORM_Result->query('INSERT INTO cou...', Array)
#1 /Users/lixuanqi/Github/rate/backend/vendor/phalapi/notorm/src/NotORM/Result.php(355): NotORM_Result->insert_multi(Array)
#2 /Users/lixuanqi/Github/rate/backend/src/app/Model/Comment.php(17): NotORM_Result->insert(Array)
#3 /Users/lixuanqi/Github/rate/backend/src/app/Domain/Comment.php(15): App\Model\Comment->submitComment(NULL, NULL, NULL, NULL, NULL, NULL, '2017-11-30', NULL)
#4 /Users/lixuanqi/Github/rate/backend/src/app/Api/Comment.php(35): App\Domain\Comment->submitComment(NULL, NULL, NULL, NULL, NULL, NULL, '2017-11-30', NULL)
#5 [internal function]: App\Api\Comment->submitComment()
#6 /Users/lixuanqi/Github/rate/backend/vendor/phalapi/kernal/src/PhalApi.php(49): call_user_func(Array)
#7 /Users/lixuanqi/Github/rate/backend/public/index.php(9): PhalApi\PhalApi->response()
#8 {main}
2017-11-30 21:37:33|ERROR|App.Comment.submitcomment|PDOException: Column 'cc_content' cannot be null in /Users/lixuanqi/Github/rate/backend/vendor/phalapi/notorm/src/NotORM/Result.php:261
Stack trace:
#0 /Users/lixuanqi/Github/rate/backend/vendor/phalapi/notorm/src/NotORM/Result.php(338): NotORM_Result->query('INSERT INTO cou...', Array)
#1 /Users/lixuanqi/Github/rate/backend/vendor/phalapi/notorm/src/NotORM/Result.php(355): NotORM_Result->insert_multi(Array)
#2 /Users/lixuanqi/Github/rate/backend/src/app/Model/Comment.php(17): NotORM_Result->insert(Array)
#3 /Users/lixuanqi/Github/rate/backend/src/app/Domain/Comment.php(15): App\Model\Comment->submitComment(NULL, NULL, NULL, NULL, NULL, NULL, '2017-11-30', NULL)
#4 /Users/lixuanqi/Github/rate/backend/src/app/Api/Comment.php(35): App\Domain\Comment->submitComment(NULL, NULL, NULL, NULL, NULL, NULL, '2017-11-30', NULL)
#5 [internal function]: App\Api\Comment->submitComment()
#6 /Users/lixuanqi/Github/rate/backend/vendor/phalapi/kernal/src/PhalApi.php(49): call_user_func(Array)
#7 /Users/lixuanqi/Github/rate/backend/public/index.php(9): PhalApi\PhalApi->response()
#8 {main}
2017-11-30 21:40:13|ERROR|App.Comment.submitcomment|PDOException: Column 'cc_content' cannot be null in /Users/lixuanqi/Github/rate/backend/vendor/phalapi/notorm/src/NotORM/Result.php:261
Stack trace:
#0 /Users/lixuanqi/Github/rate/backend/vendor/phalapi/notorm/src/NotORM/Result.php(338): NotORM_Result->query('INSERT INTO cou...', Array)
#1 /Users/lixuanqi/Github/rate/backend/vendor/phalapi/notorm/src/NotORM/Result.php(355): NotORM_Result->insert_multi(Array)
#2 /Users/lixuanqi/Github/rate/backend/src/app/Model/Comment.php(17): NotORM_Result->insert(Array)
#3 /Users/lixuanqi/Github/rate/backend/src/app/Domain/Comment.php(15): App\Model\Comment->submitComment(NULL, NULL, NULL, NULL, NULL, NULL, '2017-11-30', NULL)
#4 /Users/lixuanqi/Github/rate/backend/src/app/Api/Comment.php(35): App\Domain\Comment->submitComment(NULL, NULL, NULL, NULL, NULL, NULL, '2017-11-30', NULL)
#5 [internal function]: App\Api\Comment->submitComment()
#6 /Users/lixuanqi/Github/rate/backend/vendor/phalapi/kernal/src/PhalApi.php(49): call_user_func(Array)
#7 /Users/lixuanqi/Github/rate/backend/public/index.php(9): PhalApi\PhalApi->response()
#8 {main}
2017-11-30 21:40:25|ERROR|App.Comment.submitcomment|PDOException: Column 'cc_content' cannot be null in /Users/lixuanqi/Github/rate/backend/vendor/phalapi/notorm/src/NotORM/Result.php:261
Stack trace:
#0 /Users/lixuanqi/Github/rate/backend/vendor/phalapi/notorm/src/NotORM/Result.php(338): NotORM_Result->query('INSERT INTO cou...', Array)
#1 /Users/lixuanqi/Github/rate/backend/vendor/phalapi/notorm/src/NotORM/Result.php(355): NotORM_Result->insert_multi(Array)
#2 /Users/lixuanqi/Github/rate/backend/src/app/Model/Comment.php(17): NotORM_Result->insert(Array)
#3 /Users/lixuanqi/Github/rate/backend/src/app/Domain/Comment.php(15): App\Model\Comment->submitComment(NULL, NULL, NULL, NULL, NULL, NULL, '2017-11-30', NULL)
#4 /Users/lixuanqi/Github/rate/backend/src/app/Api/Comment.php(35): App\Domain\Comment->submitComment(NULL, NULL, NULL, NULL, NULL, NULL, '2017-11-30', NULL)
#5 [internal function]: App\Api\Comment->submitComment()
#6 /Users/lixuanqi/Github/rate/backend/vendor/phalapi/kernal/src/PhalApi.php(49): call_user_func(Array)
#7 /Users/lixuanqi/Github/rate/backend/public/index.php(9): PhalApi\PhalApi->response()
#8 {main}
2017-11-30 21:41:27|ERROR|App.Comment.submitcomment|PDOException: Column 'cc_content' cannot be null in /Users/lixuanqi/Github/rate/backend/vendor/phalapi/notorm/src/NotORM/Result.php:261
Stack trace:
#0 /Users/lixuanqi/Github/rate/backend/vendor/phalapi/notorm/src/NotORM/Result.php(338): NotORM_Result->query('INSERT INTO cou...', Array)
#1 /Users/lixuanqi/Github/rate/backend/vendor/phalapi/notorm/src/NotORM/Result.php(355): NotORM_Result->insert_multi(Array)
#2 /Users/lixuanqi/Github/rate/backend/src/app/Model/Comment.php(17): NotORM_Result->insert(Array)
#3 /Users/lixuanqi/Github/rate/backend/src/app/Domain/Comment.php(15): App\Model\Comment->submitComment(NULL, NULL, NULL, NULL, NULL, NULL, '2017-11-30', NULL)
#4 /Users/lixuanqi/Github/rate/backend/src/app/Api/Comment.php(35): App\Domain\Comment->submitComment(NULL, NULL, NULL, NULL, NULL, NULL, '2017-11-30', NULL)
#5 [internal function]: App\Api\Comment->submitComment()
#6 /Users/lixuanqi/Github/rate/backend/vendor/phalapi/kernal/src/PhalApi.php(49): call_user_func(Array)
#7 /Users/lixuanqi/Github/rate/backend/public/index.php(9): PhalApi\PhalApi->response()
#8 {main}
2017-11-30 21:41:51|ERROR|App.Comment.submitcomment|PDOException: Column 'cc_content' cannot be null in /Users/lixuanqi/Github/rate/backend/vendor/phalapi/notorm/src/NotORM/Result.php:261
Stack trace:
#0 /Users/lixuanqi/Github/rate/backend/vendor/phalapi/notorm/src/NotORM/Result.php(338): NotORM_Result->query('INSERT INTO cou...', Array)
#1 /Users/lixuanqi/Github/rate/backend/vendor/phalapi/notorm/src/NotORM/Result.php(355): NotORM_Result->insert_multi(Array)
#2 /Users/lixuanqi/Github/rate/backend/src/app/Model/Comment.php(17): NotORM_Result->insert(Array)
#3 /Users/lixuanqi/Github/rate/backend/src/app/Domain/Comment.php(15): App\Model\Comment->submitComment(NULL, NULL, NULL, NULL, NULL, NULL, '2017-11-30', NULL)
#4 /Users/lixuanqi/Github/rate/backend/src/app/Api/Comment.php(35): App\Domain\Comment->submitComment(NULL, NULL, NULL, NULL, NULL, NULL, '2017-11-30', NULL)
#5 [internal function]: App\Api\Comment->submitComment()
#6 /Users/lixuanqi/Github/rate/backend/vendor/phalapi/kernal/src/PhalApi.php(49): call_user_func(Array)
#7 /Users/lixuanqi/Github/rate/backend/public/index.php(9): PhalApi\PhalApi->response()
#8 {main}
2017-11-30 21:42:00|ERROR|App.Comment.submitcomment|PDOException: Column 'cc_content' cannot be null in /Users/lixuanqi/Github/rate/backend/vendor/phalapi/notorm/src/NotORM/Result.php:261
Stack trace:
#0 /Users/lixuanqi/Github/rate/backend/vendor/phalapi/notorm/src/NotORM/Result.php(338): NotORM_Result->query('INSERT INTO cou...', Array)
#1 /Users/lixuanqi/Github/rate/backend/vendor/phalapi/notorm/src/NotORM/Result.php(355): NotORM_Result->insert_multi(Array)
#2 /Users/lixuanqi/Github/rate/backend/src/app/Model/Comment.php(17): NotORM_Result->insert(Array)
#3 /Users/lixuanqi/Github/rate/backend/src/app/Domain/Comment.php(15): App\Model\Comment->submitComment(NULL, NULL, NULL, NULL, NULL, NULL, '2017-11-30', NULL)
#4 /Users/lixuanqi/Github/rate/backend/src/app/Api/Comment.php(35): App\Domain\Comment->submitComment(NULL, NULL, NULL, NULL, NULL, NULL, '2017-11-30', NULL)
#5 [internal function]: App\Api\Comment->submitComment()
#6 /Users/lixuanqi/Github/rate/backend/vendor/phalapi/kernal/src/PhalApi.php(49): call_user_func(Array)
#7 /Users/lixuanqi/Github/rate/backend/public/index.php(9): PhalApi\PhalApi->response()
#8 {main}
2017-11-30 21:45:07|ERROR|App.Comment.submitcomment|PDOException: Column 'cc_content' cannot be null in /Users/lixuanqi/Github/rate/backend/vendor/phalapi/notorm/src/NotORM/Result.php:261
Stack trace:
#0 /Users/lixuanqi/Github/rate/backend/vendor/phalapi/notorm/src/NotORM/Result.php(338): NotORM_Result->query('INSERT INTO cou...', Array)
#1 /Users/lixuanqi/Github/rate/backend/vendor/phalapi/notorm/src/NotORM/Result.php(355): NotORM_Result->insert_multi(Array)
#2 /Users/lixuanqi/Github/rate/backend/src/app/Model/Comment.php(17): NotORM_Result->insert(Array)
#3 /Users/lixuanqi/Github/rate/backend/src/app/Domain/Comment.php(15): App\Model\Comment->submitComment(NULL, NULL, NULL, NULL, NULL, NULL, '2017-11-30', NULL)
#4 /Users/lixuanqi/Github/rate/backend/src/app/Api/Comment.php(35): App\Domain\Comment->submitComment(NULL, NULL, NULL, NULL, NULL, NULL, '2017-11-30', NULL)
#5 [internal function]: App\Api\Comment->submitComment()
#6 /Users/lixuanqi/Github/rate/backend/vendor/phalapi/kernal/src/PhalApi.php(49): call_user_func(Array)
#7 /Users/lixuanqi/Github/rate/backend/public/index.php(9): PhalApi\PhalApi->response()
#8 {main}
2017-11-30 21:45:19|ERROR|App.Comment.submitcomment|PDOException: Column 'cc_content' cannot be null in /Users/lixuanqi/Github/rate/backend/vendor/phalapi/notorm/src/NotORM/Result.php:261
Stack trace:
#0 /Users/lixuanqi/Github/rate/backend/vendor/phalapi/notorm/src/NotORM/Result.php(338): NotORM_Result->query('INSERT INTO cou...', Array)
#1 /Users/lixuanqi/Github/rate/backend/vendor/phalapi/notorm/src/NotORM/Result.php(355): NotORM_Result->insert_multi(Array)
#2 /Users/lixuanqi/Github/rate/backend/src/app/Model/Comment.php(17): NotORM_Result->insert(Array)
#3 /Users/lixuanqi/Github/rate/backend/src/app/Domain/Comment.php(15): App\Model\Comment->submitComment(NULL, NULL, NULL, NULL, NULL, NULL, '2017-11-30', NULL)
#4 /Users/lixuanqi/Github/rate/backend/src/app/Api/Comment.php(35): App\Domain\Comment->submitComment(NULL, NULL, NULL, NULL, NULL, NULL, '2017-11-30', NULL)
#5 [internal function]: App\Api\Comment->submitComment()
#6 /Users/lixuanqi/Github/rate/backend/vendor/phalapi/kernal/src/PhalApi.php(49): call_user_func(Array)
#7 /Users/lixuanqi/Github/rate/backend/public/index.php(9): PhalApi\PhalApi->response()
#8 {main}
2017-11-30 21:45:30|ERROR|App.Comment.submitcomment|PDOException: Column 'cc_content' cannot be null in /Users/lixuanqi/Github/rate/backend/vendor/phalapi/notorm/src/NotORM/Result.php:261
Stack trace:
#0 /Users/lixuanqi/Github/rate/backend/vendor/phalapi/notorm/src/NotORM/Result.php(338): NotORM_Result->query('INSERT INTO cou...', Array)
#1 /Users/lixuanqi/Github/rate/backend/vendor/phalapi/notorm/src/NotORM/Result.php(355): NotORM_Result->insert_multi(Array)
#2 /Users/lixuanqi/Github/rate/backend/src/app/Model/Comment.php(17): NotORM_Result->insert(Array)
#3 /Users/lixuanqi/Github/rate/backend/src/app/Domain/Comment.php(15): App\Model\Comment->submitComment(NULL, NULL, NULL, NULL, NULL, NULL, '2017-11-30', NULL)
#4 /Users/lixuanqi/Github/rate/backend/src/app/Api/Comment.php(35): App\Domain\Comment->submitComment(NULL, NULL, NULL, NULL, NULL, NULL, '2017-11-30', NULL)
#5 [internal function]: App\Api\Comment->submitComment()
#6 /Users/lixuanqi/Github/rate/backend/vendor/phalapi/kernal/src/PhalApi.php(49): call_user_func(Array)
#7 /Users/lixuanqi/Github/rate/backend/public/index.php(9): PhalApi\PhalApi->response()
#8 {main}
2017-11-30 21:46:29|ERROR|App.Comment.submitcomment|PDOException: Column 'cc_content' cannot be null in /Users/lixuanqi/Github/rate/backend/vendor/phalapi/notorm/src/NotORM/Result.php:261
Stack trace:
#0 /Users/lixuanqi/Github/rate/backend/vendor/phalapi/notorm/src/NotORM/Result.php(338): NotORM_Result->query('INSERT INTO cou...', Array)
#1 /Users/lixuanqi/Github/rate/backend/vendor/phalapi/notorm/src/NotORM/Result.php(355): NotORM_Result->insert_multi(Array)
#2 /Users/lixuanqi/Github/rate/backend/src/app/Model/Comment.php(17): NotORM_Result->insert(Array)
#3 /Users/lixuanqi/Github/rate/backend/src/app/Domain/Comment.php(15): App\Model\Comment->submitComment(NULL, NULL, NULL, NULL, NULL, NULL, '2017-11-30', NULL)
#4 /Users/lixuanqi/Github/rate/backend/src/app/Api/Comment.php(35): App\Domain\Comment->submitComment(NULL, NULL, NULL, NULL, NULL, NULL, '2017-11-30', NULL)
#5 [internal function]: App\Api\Comment->submitComment()
#6 /Users/lixuanqi/Github/rate/backend/vendor/phalapi/kernal/src/PhalApi.php(49): call_user_func(Array)
#7 /Users/lixuanqi/Github/rate/backend/public/index.php(9): PhalApi\PhalApi->response()
#8 {main}
2017-11-30 21:46:35|ERROR|App.Comment.submitcomment|PDOException: Column 'cc_content' cannot be null in /Users/lixuanqi/Github/rate/backend/vendor/phalapi/notorm/src/NotORM/Result.php:261
Stack trace:
#0 /Users/lixuanqi/Github/rate/backend/vendor/phalapi/notorm/src/NotORM/Result.php(338): NotORM_Result->query('INSERT INTO cou...', Array)
#1 /Users/lixuanqi/Github/rate/backend/vendor/phalapi/notorm/src/NotORM/Result.php(355): NotORM_Result->insert_multi(Array)
#2 /Users/lixuanqi/Github/rate/backend/src/app/Model/Comment.php(17): NotORM_Result->insert(Array)
#3 /Users/lixuanqi/Github/rate/backend/src/app/Domain/Comment.php(15): App\Model\Comment->submitComment(NULL, NULL, NULL, NULL, NULL, NULL, '2017-11-30', NULL)
#4 /Users/lixuanqi/Github/rate/backend/src/app/Api/Comment.php(35): App\Domain\Comment->submitComment(NULL, NULL, NULL, NULL, NULL, NULL, '2017-11-30', NULL)
#5 [internal function]: App\Api\Comment->submitComment()
#6 /Users/lixuanqi/Github/rate/backend/vendor/phalapi/kernal/src/PhalApi.php(49): call_user_func(Array)
#7 /Users/lixuanqi/Github/rate/backend/public/index.php(9): PhalApi\PhalApi->response()
#8 {main}
2017-11-30 21:46:40|ERROR|App.Comment.submitcomment|PDOException: Column 'cc_content' cannot be null in /Users/lixuanqi/Github/rate/backend/vendor/phalapi/notorm/src/NotORM/Result.php:261
Stack trace:
#0 /Users/lixuanqi/Github/rate/backend/vendor/phalapi/notorm/src/NotORM/Result.php(338): NotORM_Result->query('INSERT INTO cou...', Array)
#1 /Users/lixuanqi/Github/rate/backend/vendor/phalapi/notorm/src/NotORM/Result.php(355): NotORM_Result->insert_multi(Array)
#2 /Users/lixuanqi/Github/rate/backend/src/app/Model/Comment.php(17): NotORM_Result->insert(Array)
#3 /Users/lixuanqi/Github/rate/backend/src/app/Domain/Comment.php(15): App\Model\Comment->submitComment(NULL, NULL, NULL, NULL, NULL, NULL, '2017-11-30', NULL)
#4 /Users/lixuanqi/Github/rate/backend/src/app/Api/Comment.php(35): App\Domain\Comment->submitComment(NULL, NULL, NULL, NULL, NULL, NULL, '2017-11-30', NULL)
#5 [internal function]: App\Api\Comment->submitComment()
#6 /Users/lixuanqi/Github/rate/backend/vendor/phalapi/kernal/src/PhalApi.php(49): call_user_func(Array)
#7 /Users/lixuanqi/Github/rate/backend/public/index.php(9): PhalApi\PhalApi->response()
#8 {main}
2017-11-30 21:47:05|ERROR|App.Comment.submitcomment|PDOException: Column 'cc_content' cannot be null in /Users/lixuanqi/Github/rate/backend/vendor/phalapi/notorm/src/NotORM/Result.php:261
Stack trace:
#0 /Users/lixuanqi/Github/rate/backend/vendor/phalapi/notorm/src/NotORM/Result.php(338): NotORM_Result->query('INSERT INTO cou...', Array)
#1 /Users/lixuanqi/Github/rate/backend/vendor/phalapi/notorm/src/NotORM/Result.php(355): NotORM_Result->insert_multi(Array)
#2 /Users/lixuanqi/Github/rate/backend/src/app/Model/Comment.php(17): NotORM_Result->insert(Array)
#3 /Users/lixuanqi/Github/rate/backend/src/app/Domain/Comment.php(15): App\Model\Comment->submitComment(NULL, NULL, NULL, NULL, NULL, NULL, '2017-11-30', NULL)
#4 /Users/lixuanqi/Github/rate/backend/src/app/Api/Comment.php(35): App\Domain\Comment->submitComment(NULL, NULL, NULL, NULL, NULL, NULL, '2017-11-30', NULL)
#5 [internal function]: App\Api\Comment->submitComment()
#6 /Users/lixuanqi/Github/rate/backend/vendor/phalapi/kernal/src/PhalApi.php(49): call_user_func(Array)
#7 /Users/lixuanqi/Github/rate/backend/public/index.php(9): PhalApi\PhalApi->response()
#8 {main}
2017-11-30 21:47:37|ERROR|App.Comment.submitcomment|PDOException: Column 'cc_content' cannot be null in /Users/lixuanqi/Github/rate/backend/vendor/phalapi/notorm/src/NotORM/Result.php:261
Stack trace:
#0 /Users/lixuanqi/Github/rate/backend/vendor/phalapi/notorm/src/NotORM/Result.php(338): NotORM_Result->query('INSERT INTO cou...', Array)
#1 /Users/lixuanqi/Github/rate/backend/vendor/phalapi/notorm/src/NotORM/Result.php(355): NotORM_Result->insert_multi(Array)
#2 /Users/lixuanqi/Github/rate/backend/src/app/Model/Comment.php(17): NotORM_Result->insert(Array)
#3 /Users/lixuanqi/Github/rate/backend/src/app/Domain/Comment.php(15): App\Model\Comment->submitComment(NULL, NULL, NULL, NULL, NULL, NULL, '2017-11-30', NULL)
#4 /Users/lixuanqi/Github/rate/backend/src/app/Api/Comment.php(35): App\Domain\Comment->submitComment(NULL, NULL, NULL, NULL, NULL, NULL, '2017-11-30', NULL)
#5 [internal function]: App\Api\Comment->submitComment()
#6 /Users/lixuanqi/Github/rate/backend/vendor/phalapi/kernal/src/PhalApi.php(49): call_user_func(Array)
#7 /Users/lixuanqi/Github/rate/backend/public/index.php(9): PhalApi\PhalApi->response()
#8 {main}
2017-11-30 21:47:59|ERROR|App.Comment.submitcomment|PDOException: Column 'cc_content' cannot be null in /Users/lixuanqi/Github/rate/backend/vendor/phalapi/notorm/src/NotORM/Result.php:261
Stack trace:
#0 /Users/lixuanqi/Github/rate/backend/vendor/phalapi/notorm/src/NotORM/Result.php(338): NotORM_Result->query('INSERT INTO cou...', Array)
#1 /Users/lixuanqi/Github/rate/backend/vendor/phalapi/notorm/src/NotORM/Result.php(355): NotORM_Result->insert_multi(Array)
#2 /Users/lixuanqi/Github/rate/backend/src/app/Model/Comment.php(17): NotORM_Result->insert(Array)
#3 /Users/lixuanqi/Github/rate/backend/src/app/Domain/Comment.php(15): App\Model\Comment->submitComment(NULL, NULL, NULL, NULL, NULL, NULL, '2017-11-30', NULL)
#4 /Users/lixuanqi/Github/rate/backend/src/app/Api/Comment.php(35): App\Domain\Comment->submitComment(NULL, NULL, NULL, NULL, NULL, NULL, '2017-11-30', NULL)
#5 [internal function]: App\Api\Comment->submitComment()
#6 /Users/lixuanqi/Github/rate/backend/vendor/phalapi/kernal/src/PhalApi.php(49): call_user_func(Array)
#7 /Users/lixuanqi/Github/rate/backend/public/index.php(9): PhalApi\PhalApi->response()
#8 {main}
2017-11-30 21:48:22|ERROR|App.Comment.submitcomment|PDOException: Column 'cc_content' cannot be null in /Users/lixuanqi/Github/rate/backend/vendor/phalapi/notorm/src/NotORM/Result.php:261
Stack trace:
#0 /Users/lixuanqi/Github/rate/backend/vendor/phalapi/notorm/src/NotORM/Result.php(338): NotORM_Result->query('INSERT INTO cou...', Array)
#1 /Users/lixuanqi/Github/rate/backend/vendor/phalapi/notorm/src/NotORM/Result.php(355): NotORM_Result->insert_multi(Array)
#2 /Users/lixuanqi/Github/rate/backend/src/app/Model/Comment.php(17): NotORM_Result->insert(Array)
#3 /Users/lixuanqi/Github/rate/backend/src/app/Domain/Comment.php(15): App\Model\Comment->submitComment(NULL, NULL, NULL, NULL, NULL, NULL, '2017-11-30', NULL)
#4 /Users/lixuanqi/Github/rate/backend/src/app/Api/Comment.php(35): App\Domain\Comment->submitComment(NULL, NULL, NULL, NULL, NULL, NULL, '2017-11-30', NULL)
#5 [internal function]: App\Api\Comment->submitComment()
#6 /Users/lixuanqi/Github/rate/backend/vendor/phalapi/kernal/src/PhalApi.php(49): call_user_func(Array)
#7 /Users/lixuanqi/Github/rate/backend/public/index.php(9): PhalApi\PhalApi->response()
#8 {main}
2017-11-30 21:48:28|ERROR|App.Comment.submitcomment|PDOException: Column 'cc_content' cannot be null in /Users/lixuanqi/Github/rate/backend/vendor/phalapi/notorm/src/NotORM/Result.php:261
Stack trace:
#0 /Users/lixuanqi/Github/rate/backend/vendor/phalapi/notorm/src/NotORM/Result.php(338): NotORM_Result->query('INSERT INTO cou...', Array)
#1 /Users/lixuanqi/Github/rate/backend/vendor/phalapi/notorm/src/NotORM/Result.php(355): NotORM_Result->insert_multi(Array)
#2 /Users/lixuanqi/Github/rate/backend/src/app/Model/Comment.php(17): NotORM_Result->insert(Array)
#3 /Users/lixuanqi/Github/rate/backend/src/app/Domain/Comment.php(15): App\Model\Comment->submitComment(NULL, NULL, NULL, NULL, NULL, NULL, '2017-11-30', NULL)
#4 /Users/lixuanqi/Github/rate/backend/src/app/Api/Comment.php(35): App\Domain\Comment->submitComment(NULL, NULL, NULL, NULL, NULL, NULL, '2017-11-30', NULL)
#5 [internal function]: App\Api\Comment->submitComment()
#6 /Users/lixuanqi/Github/rate/backend/vendor/phalapi/kernal/src/PhalApi.php(49): call_user_func(Array)
#7 /Users/lixuanqi/Github/rate/backend/public/index.php(9): PhalApi\PhalApi->response()
#8 {main}
2017-11-30 21:51:49|ERROR|App.Comment.submitcomment|PDOException: Column 'cc_content' cannot be null in /Users/lixuanqi/Github/rate/backend/vendor/phalapi/notorm/src/NotORM/Result.php:261
Stack trace:
#0 /Users/lixuanqi/Github/rate/backend/vendor/phalapi/notorm/src/NotORM/Result.php(338): NotORM_Result->query('INSERT INTO cou...', Array)
#1 /Users/lixuanqi/Github/rate/backend/vendor/phalapi/notorm/src/NotORM/Result.php(355): NotORM_Result->insert_multi(Array)
#2 /Users/lixuanqi/Github/rate/backend/src/app/Model/Comment.php(17): NotORM_Result->insert(Array)
#3 /Users/lixuanqi/Github/rate/backend/src/app/Domain/Comment.php(15): App\Model\Comment->submitComment(NULL, NULL, NULL, NULL, NULL, NULL, '2017-11-30', NULL)
#4 /Users/lixuanqi/Github/rate/backend/src/app/Api/Comment.php(35): App\Domain\Comment->submitComment(NULL, NULL, NULL, NULL, NULL, NULL, '2017-11-30', NULL)
#5 [internal function]: App\Api\Comment->submitComment()
#6 /Users/lixuanqi/Github/rate/backend/vendor/phalapi/kernal/src/PhalApi.php(49): call_user_func(Array)
#7 /Users/lixuanqi/Github/rate/backend/public/index.php(9): PhalApi\PhalApi->response()
#8 {main}
2017-11-30 21:52:23|ERROR|App.Comment.submitcomment|PDOException: Column 'cc_content' cannot be null in /Users/lixuanqi/Github/rate/backend/vendor/phalapi/notorm/src/NotORM/Result.php:261
Stack trace:
#0 /Users/lixuanqi/Github/rate/backend/vendor/phalapi/notorm/src/NotORM/Result.php(338): NotORM_Result->query('INSERT INTO cou...', Array)
#1 /Users/lixuanqi/Github/rate/backend/vendor/phalapi/notorm/src/NotORM/Result.php(355): NotORM_Result->insert_multi(Array)
#2 /Users/lixuanqi/Github/rate/backend/src/app/Model/Comment.php(17): NotORM_Result->insert(Array)
#3 /Users/lixuanqi/Github/rate/backend/src/app/Domain/Comment.php(15): App\Model\Comment->submitComment(NULL, NULL, NULL, NULL, NULL, NULL, '2017-11-30', NULL)
#4 /Users/lixuanqi/Github/rate/backend/src/app/Api/Comment.php(35): App\Domain\Comment->submitComment(NULL, NULL, NULL, NULL, NULL, NULL, '2017-11-30', NULL)
#5 [internal function]: App\Api\Comment->submitComment()
#6 /Users/lixuanqi/Github/rate/backend/vendor/phalapi/kernal/src/PhalApi.php(49): call_user_func(Array)
#7 /Users/lixuanqi/Github/rate/backend/public/index.php(9): PhalApi\PhalApi->response()
#8 {main}
2017-11-30 21:53:49|ERROR|App.Comment.submitcomment|PDOException: Column 'cc_content' cannot be null in /Users/lixuanqi/Github/rate/backend/vendor/phalapi/notorm/src/NotORM/Result.php:261
Stack trace:
#0 /Users/lixuanqi/Github/rate/backend/vendor/phalapi/notorm/src/NotORM/Result.php(338): NotORM_Result->query('INSERT INTO cou...', Array)
#1 /Users/lixuanqi/Github/rate/backend/vendor/phalapi/notorm/src/NotORM/Result.php(355): NotORM_Result->insert_multi(Array)
#2 /Users/lixuanqi/Github/rate/backend/src/app/Model/Comment.php(17): NotORM_Result->insert(Array)
#3 /Users/lixuanqi/Github/rate/backend/src/app/Domain/Comment.php(15): App\Model\Comment->submitComment(NULL, NULL, NULL, NULL, NULL, NULL, '2017-11-30', NULL)
#4 /Users/lixuanqi/Github/rate/backend/src/app/Api/Comment.php(35): App\Domain\Comment->submitComment(NULL, NULL, NULL, NULL, NULL, NULL, '2017-11-30', NULL)
#5 [internal function]: App\Api\Comment->submitComment()
#6 /Users/lixuanqi/Github/rate/backend/vendor/phalapi/kernal/src/PhalApi.php(49): call_user_func(Array)
#7 /Users/lixuanqi/Github/rate/backend/public/index.php(9): PhalApi\PhalApi->response()
#8 {main}
2017-11-30 21:54:13|ERROR|App.Comment.submitcomment|PDOException: Column 'cc_content' cannot be null in /Users/lixuanqi/Github/rate/backend/vendor/phalapi/notorm/src/NotORM/Result.php:261
Stack trace:
#0 /Users/lixuanqi/Github/rate/backend/vendor/phalapi/notorm/src/NotORM/Result.php(338): NotORM_Result->query('INSERT INTO cou...', Array)
#1 /Users/lixuanqi/Github/rate/backend/vendor/phalapi/notorm/src/NotORM/Result.php(355): NotORM_Result->insert_multi(Array)
#2 /Users/lixuanqi/Github/rate/backend/src/app/Model/Comment.php(17): NotORM_Result->insert(Array)
#3 /Users/lixuanqi/Github/rate/backend/src/app/Domain/Comment.php(15): App\Model\Comment->submitComment(NULL, NULL, NULL, NULL, NULL, NULL, '2017-11-30', NULL)
#4 /Users/lixuanqi/Github/rate/backend/src/app/Api/Comment.php(35): App\Domain\Comment->submitComment(NULL, NULL, NULL, NULL, NULL, NULL, '2017-11-30', NULL)
#5 [internal function]: App\Api\Comment->submitComment()
#6 /Users/lixuanqi/Github/rate/backend/vendor/phalapi/kernal/src/PhalApi.php(49): call_user_func(Array)
#7 /Users/lixuanqi/Github/rate/backend/public/index.php(9): PhalApi\PhalApi->response()
#8 {main}
2017-11-30 21:54:23|ERROR|App.Comment.submitcomment|PDOException: Column 'cc_content' cannot be null in /Users/lixuanqi/Github/rate/backend/vendor/phalapi/notorm/src/NotORM/Result.php:261
Stack trace:
#0 /Users/lixuanqi/Github/rate/backend/vendor/phalapi/notorm/src/NotORM/Result.php(338): NotORM_Result->query('INSERT INTO cou...', Array)
#1 /Users/lixuanqi/Github/rate/backend/vendor/phalapi/notorm/src/NotORM/Result.php(355): NotORM_Result->insert_multi(Array)
#2 /Users/lixuanqi/Github/rate/backend/src/app/Model/Comment.php(17): NotORM_Result->insert(Array)
#3 /Users/lixuanqi/Github/rate/backend/src/app/Domain/Comment.php(15): App\Model\Comment->submitComment(NULL, NULL, NULL, NULL, NULL, NULL, '2017-11-30', NULL)
#4 /Users/lixuanqi/Github/rate/backend/src/app/Api/Comment.php(35): App\Domain\Comment->submitComment(NULL, NULL, NULL, NULL, NULL, NULL, '2017-11-30', NULL)
#5 [internal function]: App\Api\Comment->submitComment()
#6 /Users/lixuanqi/Github/rate/backend/vendor/phalapi/kernal/src/PhalApi.php(49): call_user_func(Array)
#7 /Users/lixuanqi/Github/rate/backend/public/index.php(9): PhalApi\PhalApi->response()
#8 {main}
2017-11-30 21:56:57|ERROR|App.Comment.submitcomment|PDOException: Column 'cc_content' cannot be null in /Users/lixuanqi/Github/rate/backend/vendor/phalapi/notorm/src/NotORM/Result.php:261
Stack trace:
#0 /Users/lixuanqi/Github/rate/backend/vendor/phalapi/notorm/src/NotORM/Result.php(338): NotORM_Result->query('INSERT INTO cou...', Array)
#1 /Users/lixuanqi/Github/rate/backend/vendor/phalapi/notorm/src/NotORM/Result.php(355): NotORM_Result->insert_multi(Array)
#2 /Users/lixuanqi/Github/rate/backend/src/app/Model/Comment.php(17): NotORM_Result->insert(Array)
#3 /Users/lixuanqi/Github/rate/backend/src/app/Domain/Comment.php(15): App\Model\Comment->submitComment(NULL, NULL, NULL, NULL, NULL, NULL, '2017-11-30', NULL)
#4 /Users/lixuanqi/Github/rate/backend/src/app/Api/Comment.php(35): App\Domain\Comment->submitComment(NULL, NULL, NULL, NULL, NULL, NULL, '2017-11-30', NULL)
#5 [internal function]: App\Api\Comment->submitComment()
#6 /Users/lixuanqi/Github/rate/backend/vendor/phalapi/kernal/src/PhalApi.php(49): call_user_func(Array)
#7 /Users/lixuanqi/Github/rate/backend/public/index.php(9): PhalApi\PhalApi->response()
#8 {main}
2017-11-30 22:01:48|ERROR|App.Comment.submitcomment|PDOException: Column 'cc_content' cannot be null in /Users/lixuanqi/Github/rate/backend/vendor/phalapi/notorm/src/NotORM/Result.php:261
Stack trace:
#0 /Users/lixuanqi/Github/rate/backend/vendor/phalapi/notorm/src/NotORM/Result.php(338): NotORM_Result->query('INSERT INTO cou...', Array)
#1 /Users/lixuanqi/Github/rate/backend/vendor/phalapi/notorm/src/NotORM/Result.php(355): NotORM_Result->insert_multi(Array)
#2 /Users/lixuanqi/Github/rate/backend/src/app/Model/Comment.php(17): NotORM_Result->insert(Array)
#3 /Users/lixuanqi/Github/rate/backend/src/app/Domain/Comment.php(15): App\Model\Comment->submitComment(NULL, NULL, NULL, NULL, NULL, NULL, '2017-11-30', NULL)
#4 /Users/lixuanqi/Github/rate/backend/src/app/Api/Comment.php(35): App\Domain\Comment->submitComment(NULL, NULL, NULL, NULL, NULL, NULL, '2017-11-30', NULL)
#5 [internal function]: App\Api\Comment->submitComment()
#6 /Users/lixuanqi/Github/rate/backend/vendor/phalapi/kernal/src/PhalApi.php(49): call_user_func(Array)
#7 /Users/lixuanqi/Github/rate/backend/public/index.php(9): PhalApi\PhalApi->response()
#8 {main}
2017-11-30 22:02:19|ERROR|App.Comment.submitcomment|PDOException: Column 'cc_content' cannot be null in /Users/lixuanqi/Github/rate/backend/vendor/phalapi/notorm/src/NotORM/Result.php:261
Stack trace:
#0 /Users/lixuanqi/Github/rate/backend/vendor/phalapi/notorm/src/NotORM/Result.php(338): NotORM_Result->query('INSERT INTO cou...', Array)
#1 /Users/lixuanqi/Github/rate/backend/vendor/phalapi/notorm/src/NotORM/Result.php(355): NotORM_Result->insert_multi(Array)
#2 /Users/lixuanqi/Github/rate/backend/src/app/Model/Comment.php(17): NotORM_Result->insert(Array)
#3 /Users/lixuanqi/Github/rate/backend/src/app/Domain/Comment.php(15): App\Model\Comment->submitComment(NULL, NULL, NULL, NULL, NULL, NULL, '2017-11-30', NULL)
#4 /Users/lixuanqi/Github/rate/backend/src/app/Api/Comment.php(35): App\Domain\Comment->submitComment(NULL, NULL, NULL, NULL, NULL, NULL, '2017-11-30', NULL)
#5 [internal function]: App\Api\Comment->submitComment()
#6 /Users/lixuanqi/Github/rate/backend/vendor/phalapi/kernal/src/PhalApi.php(49): call_user_func(Array)
#7 /Users/lixuanqi/Github/rate/backend/public/index.php(9): PhalApi\PhalApi->response()
#8 {main}
2017-11-30 22:02:26|ERROR|App.Comment.submitcomment|PDOException: Column 'cc_content' cannot be null in /Users/lixuanqi/Github/rate/backend/vendor/phalapi/notorm/src/NotORM/Result.php:261
Stack trace:
#0 /Users/lixuanqi/Github/rate/backend/vendor/phalapi/notorm/src/NotORM/Result.php(338): NotORM_Result->query('INSERT INTO cou...', Array)
#1 /Users/lixuanqi/Github/rate/backend/vendor/phalapi/notorm/src/NotORM/Result.php(355): NotORM_Result->insert_multi(Array)
#2 /Users/lixuanqi/Github/rate/backend/src/app/Model/Comment.php(17): NotORM_Result->insert(Array)
#3 /Users/lixuanqi/Github/rate/backend/src/app/Domain/Comment.php(15): App\Model\Comment->submitComment(NULL, NULL, NULL, NULL, NULL, NULL, '2017-11-30', NULL)
#4 /Users/lixuanqi/Github/rate/backend/src/app/Api/Comment.php(35): App\Domain\Comment->submitComment(NULL, NULL, NULL, NULL, NULL, NULL, '2017-11-30', NULL)
#5 [internal function]: App\Api\Comment->submitComment()
#6 /Users/lixuanqi/Github/rate/backend/vendor/phalapi/kernal/src/PhalApi.php(49): call_user_func(Array)
#7 /Users/lixuanqi/Github/rate/backend/public/index.php(9): PhalApi\PhalApi->response()
#8 {main}
2017-11-30 22:04:01|ERROR|App.Comment.submitcomment|PDOException: Column 'cc_content' cannot be null in /Users/lixuanqi/Github/rate/backend/vendor/phalapi/notorm/src/NotORM/Result.php:261
Stack trace:
#0 /Users/lixuanqi/Github/rate/backend/vendor/phalapi/notorm/src/NotORM/Result.php(338): NotORM_Result->query('INSERT INTO cou...', Array)
#1 /Users/lixuanqi/Github/rate/backend/vendor/phalapi/notorm/src/NotORM/Result.php(355): NotORM_Result->insert_multi(Array)
#2 /Users/lixuanqi/Github/rate/backend/src/app/Model/Comment.php(17): NotORM_Result->insert(Array)
#3 /Users/lixuanqi/Github/rate/backend/src/app/Domain/Comment.php(15): App\Model\Comment->submitComment(NULL, NULL, NULL, NULL, NULL, NULL, '2017-11-30', NULL)
#4 /Users/lixuanqi/Github/rate/backend/src/app/Api/Comment.php(35): App\Domain\Comment->submitComment(NULL, NULL, NULL, NULL, NULL, NULL, '2017-11-30', NULL)
#5 [internal function]: App\Api\Comment->submitComment()
#6 /Users/lixuanqi/Github/rate/backend/vendor/phalapi/kernal/src/PhalApi.php(49): call_user_func(Array)
#7 /Users/lixuanqi/Github/rate/backend/public/index.php(9): PhalApi\PhalApi->response()
#8 {main}
2017-11-30 22:06:19|ERROR|App.Comment.submitcomment|PDOException: Column 'cc_content' cannot be null in /Users/lixuanqi/Github/rate/backend/vendor/phalapi/notorm/src/NotORM/Result.php:261
Stack trace:
#0 /Users/lixuanqi/Github/rate/backend/vendor/phalapi/notorm/src/NotORM/Result.php(338): NotORM_Result->query('INSERT INTO cou...', Array)
#1 /Users/lixuanqi/Github/rate/backend/vendor/phalapi/notorm/src/NotORM/Result.php(355): NotORM_Result->insert_multi(Array)
#2 /Users/lixuanqi/Github/rate/backend/src/app/Model/Comment.php(17): NotORM_Result->insert(Array)
#3 /Users/lixuanqi/Github/rate/backend/src/app/Domain/Comment.php(15): App\Model\Comment->submitComment(NULL, NULL, NULL, NULL, NULL, NULL, '2017-11-30', NULL)
#4 /Users/lixuanqi/Github/rate/backend/src/app/Api/Comment.php(35): App\Domain\Comment->submitComment(NULL, NULL, NULL, NULL, NULL, NULL, '2017-11-30', NULL)
#5 [internal function]: App\Api\Comment->submitComment()
#6 /Users/lixuanqi/Github/rate/backend/vendor/phalapi/kernal/src/PhalApi.php(49): call_user_func(Array)
#7 /Users/lixuanqi/Github/rate/backend/public/index.php(9): PhalApi\PhalApi->response()
#8 {main}
2017-11-30 22:09:01|ERROR|App.Comment.submitcomment|PDOException: Column 'cc_content' cannot be null in /Users/lixuanqi/Github/rate/backend/vendor/phalapi/notorm/src/NotORM/Result.php:261
Stack trace:
#0 /Users/lixuanqi/Github/rate/backend/vendor/phalapi/notorm/src/NotORM/Result.php(338): NotORM_Result->query('INSERT INTO cou...', Array)
#1 /Users/lixuanqi/Github/rate/backend/vendor/phalapi/notorm/src/NotORM/Result.php(355): NotORM_Result->insert_multi(Array)
#2 /Users/lixuanqi/Github/rate/backend/src/app/Model/Comment.php(17): NotORM_Result->insert(Array)
#3 /Users/lixuanqi/Github/rate/backend/src/app/Domain/Comment.php(15): App\Model\Comment->submitComment(NULL, NULL, NULL, NULL, NULL, NULL, '2017-11-30', NULL)
#4 /Users/lixuanqi/Github/rate/backend/src/app/Api/Comment.php(35): App\Domain\Comment->submitComment(NULL, NULL, NULL, NULL, NULL, NULL, '2017-11-30', NULL)
#5 [internal function]: App\Api\Comment->submitComment()
#6 /Users/lixuanqi/Github/rate/backend/vendor/phalapi/kernal/src/PhalApi.php(49): call_user_func(Array)
#7 /Users/lixuanqi/Github/rate/backend/public/index.php(9): PhalApi\PhalApi->response()
#8 {main}
2017-11-30 22:09:48|ERROR|App.Comment.submitcomment|PDOException: Column 'cc_content' cannot be null in /Users/lixuanqi/Github/rate/backend/vendor/phalapi/notorm/src/NotORM/Result.php:261
Stack trace:
#0 /Users/lixuanqi/Github/rate/backend/vendor/phalapi/notorm/src/NotORM/Result.php(338): NotORM_Result->query('INSERT INTO cou...', Array)
#1 /Users/lixuanqi/Github/rate/backend/vendor/phalapi/notorm/src/NotORM/Result.php(355): NotORM_Result->insert_multi(Array)
#2 /Users/lixuanqi/Github/rate/backend/src/app/Model/Comment.php(17): NotORM_Result->insert(Array)
#3 /Users/lixuanqi/Github/rate/backend/src/app/Domain/Comment.php(15): App\Model\Comment->submitComment(NULL, NULL, NULL, NULL, NULL, NULL, '2017-11-30', NULL)
#4 /Users/lixuanqi/Github/rate/backend/src/app/Api/Comment.php(35): App\Domain\Comment->submitComment(NULL, NULL, NULL, NULL, NULL, NULL, '2017-11-30', NULL)
#5 [internal function]: App\Api\Comment->submitComment()
#6 /Users/lixuanqi/Github/rate/backend/vendor/phalapi/kernal/src/PhalApi.php(49): call_user_func(Array)
#7 /Users/lixuanqi/Github/rate/backend/public/index.php(9): PhalApi\PhalApi->response()
#8 {main}
2017-11-30 22:13:24|ERROR|App.Comment.SubmitComment|PDOException: Column 'cc_content' cannot be null in /Users/lixuanqi/Github/rate/backend/vendor/phalapi/notorm/src/NotORM/Result.php:261
Stack trace:
#0 /Users/lixuanqi/Github/rate/backend/vendor/phalapi/notorm/src/NotORM/Result.php(338): NotORM_Result->query('INSERT INTO cou...', Array)
#1 /Users/lixuanqi/Github/rate/backend/vendor/phalapi/notorm/src/NotORM/Result.php(355): NotORM_Result->insert_multi(Array)
#2 /Users/lixuanqi/Github/rate/backend/src/app/Model/Comment.php(17): NotORM_Result->insert(Array)
#3 /Users/lixuanqi/Github/rate/backend/src/app/Domain/Comment.php(15): App\Model\Comment->submitComment(NULL, NULL, NULL, NULL, NULL, NULL, '2017-11-30', NULL)
#4 /Users/lixuanqi/Github/rate/backend/src/app/Api/Comment.php(35): App\Domain\Comment->submitComment(NULL, NULL, NULL, NULL, NULL, NULL, '2017-11-30', NULL)
#5 [internal function]: App\Api\Comment->submitComment()
#6 /Users/lixuanqi/Github/rate/backend/vendor/phalapi/kernal/src/PhalApi.php(49): call_user_func(Array)
#7 /Users/lixuanqi/Github/rate/backend/public/index.php(9): PhalApi\PhalApi->response()
#8 {main}
2017-11-30 22:13:31|ERROR|App.Comment.SubmitComment|PDOException: Column 'cc_content' cannot be null in /Users/lixuanqi/Github/rate/backend/vendor/phalapi/notorm/src/NotORM/Result.php:261
Stack trace:
#0 /Users/lixuanqi/Github/rate/backend/vendor/phalapi/notorm/src/NotORM/Result.php(338): NotORM_Result->query('INSERT INTO cou...', Array)
#1 /Users/lixuanqi/Github/rate/backend/vendor/phalapi/notorm/src/NotORM/Result.php(355): NotORM_Result->insert_multi(Array)
#2 /Users/lixuanqi/Github/rate/backend/src/app/Model/Comment.php(17): NotORM_Result->insert(Array)
#3 /Users/lixuanqi/Github/rate/backend/src/app/Domain/Comment.php(15): App\Model\Comment->submitComment(NULL, NULL, NULL, NULL, NULL, NULL, '2017-11-30', NULL)
#4 /Users/lixuanqi/Github/rate/backend/src/app/Api/Comment.php(35): App\Domain\Comment->submitComment(NULL, NULL, NULL, NULL, NULL, NULL, '2017-11-30', NULL)
#5 [internal function]: App\Api\Comment->submitComment()
#6 /Users/lixuanqi/Github/rate/backend/vendor/phalapi/kernal/src/PhalApi.php(49): call_user_func(Array)
#7 /Users/lixuanqi/Github/rate/backend/public/index.php(9): PhalApi\PhalApi->response()
#8 {main}
2017-11-30 22:21:27|ERROR|App.Comment.SubmitComment|PDOException: Column 'cc_content' cannot be null in /Users/lixuanqi/Github/rate/backend/vendor/phalapi/notorm/src/NotORM/Result.php:261
Stack trace:
#0 /Users/lixuanqi/Github/rate/backend/vendor/phalapi/notorm/src/NotORM/Result.php(338): NotORM_Result->query('INSERT INTO cou...', Array)
#1 /Users/lixuanqi/Github/rate/backend/vendor/phalapi/notorm/src/NotORM/Result.php(355): NotORM_Result->insert_multi(Array)
#2 /Users/lixuanqi/Github/rate/backend/src/app/Model/Comment.php(17): NotORM_Result->insert(Array)
#3 /Users/lixuanqi/Github/rate/backend/src/app/Domain/Comment.php(15): App\Model\Comment->submitComment(NULL, NULL, NULL, NULL, NULL, NULL, '2017-11-30', NULL)
#4 /Users/lixuanqi/Github/rate/backend/src/app/Api/Comment.php(35): App\Domain\Comment->submitComment(NULL, NULL, NULL, NULL, NULL, NULL, '2017-11-30', NULL)
#5 [internal function]: App\Api\Comment->submitComment()
#6 /Users/lixuanqi/Github/rate/backend/vendor/phalapi/kernal/src/PhalApi.php(49): call_user_func(Array)
#7 /Users/lixuanqi/Github/rate/backend/public/index.php(9): PhalApi\PhalApi->response()
#8 {main}
2017-11-30 22:21:36|ERROR|App.Comment.SubmitComment|PDOException: Column 'cc_content' cannot be null in /Users/lixuanqi/Github/rate/backend/vendor/phalapi/notorm/src/NotORM/Result.php:261
Stack trace:
#0 /Users/lixuanqi/Github/rate/backend/vendor/phalapi/notorm/src/NotORM/Result.php(338): NotORM_Result->query('INSERT INTO cou...', Array)
#1 /Users/lixuanqi/Github/rate/backend/vendor/phalapi/notorm/src/NotORM/Result.php(355): NotORM_Result->insert_multi(Array)
#2 /Users/lixuanqi/Github/rate/backend/src/app/Model/Comment.php(17): NotORM_Result->insert(Array)
#3 /Users/lixuanqi/Github/rate/backend/src/app/Domain/Comment.php(15): App\Model\Comment->submitComment(NULL, NULL, NULL, NULL, NULL, NULL, '2017-11-30', NULL)
#4 /Users/lixuanqi/Github/rate/backend/src/app/Api/Comment.php(35): App\Domain\Comment->submitComment(NULL, NULL, NULL, NULL, NULL, NULL, '2017-11-30', NULL)
#5 [internal function]: App\Api\Comment->submitComment()
#6 /Users/lixuanqi/Github/rate/backend/vendor/phalapi/kernal/src/PhalApi.php(49): call_user_func(Array)
#7 /Users/lixuanqi/Github/rate/backend/public/index.php(9): PhalApi\PhalApi->response()
#8 {main}
2017-11-30 22:23:42|ERROR|App.Comment.SubmitComment|PDOException: Column 'cc_content' cannot be null in /Users/lixuanqi/Github/rate/backend/vendor/phalapi/notorm/src/NotORM/Result.php:261
Stack trace:
#0 /Users/lixuanqi/Github/rate/backend/vendor/phalapi/notorm/src/NotORM/Result.php(338): NotORM_Result->query('INSERT INTO cou...', Array)
#1 /Users/lixuanqi/Github/rate/backend/vendor/phalapi/notorm/src/NotORM/Result.php(355): NotORM_Result->insert_multi(Array)
#2 /Users/lixuanqi/Github/rate/backend/src/app/Model/Comment.php(17): NotORM_Result->insert(Array)
#3 /Users/lixuanqi/Github/rate/backend/src/app/Domain/Comment.php(15): App\Model\Comment->submitComment(NULL, NULL, NULL, NULL, NULL, NULL, '2017-11-30', NULL)
#4 /Users/lixuanqi/Github/rate/backend/src/app/Api/Comment.php(35): App\Domain\Comment->submitComment(NULL, NULL, NULL, NULL, NULL, NULL, '2017-11-30', NULL)
#5 [internal function]: App\Api\Comment->submitComment()
#6 /Users/lixuanqi/Github/rate/backend/vendor/phalapi/kernal/src/PhalApi.php(49): call_user_func(Array)
#7 /Users/lixuanqi/Github/rate/backend/public/index.php(9): PhalApi\PhalApi->response()
#8 {main}
2017-11-30 22:29:20|ERROR|App.Comment.SubmitComment|PDOException: Column 'cc_content' cannot be null in /Users/lixuanqi/Github/rate/backend/vendor/phalapi/notorm/src/NotORM/Result.php:261
Stack trace:
#0 /Users/lixuanqi/Github/rate/backend/vendor/phalapi/notorm/src/NotORM/Result.php(338): NotORM_Result->query('INSERT INTO cou...', Array)
#1 /Users/lixuanqi/Github/rate/backend/vendor/phalapi/notorm/src/NotORM/Result.php(355): NotORM_Result->insert_multi(Array)
#2 /Users/lixuanqi/Github/rate/backend/src/app/Model/Comment.php(17): NotORM_Result->insert(Array)
#3 /Users/lixuanqi/Github/rate/backend/src/app/Domain/Comment.php(15): App\Model\Comment->submitComment(NULL, NULL, NULL, NULL, NULL, NULL, '2017-11-30', NULL)
#4 /Users/lixuanqi/Github/rate/backend/src/app/Api/Comment.php(35): App\Domain\Comment->submitComment(NULL, NULL, NULL, NULL, NULL, NULL, '2017-11-30', NULL)
#5 [internal function]: App\Api\Comment->submitComment()
#6 /Users/lixuanqi/Github/rate/backend/vendor/phalapi/kernal/src/PhalApi.php(49): call_user_func(Array)
#7 /Users/lixuanqi/Github/rate/backend/public/index.php(9): PhalApi\PhalApi->response()
#8 {main}
2017-11-30 22:29:55|ERROR|App.Comment.SubmitComment|PDOException: Column 'cc_content' cannot be null in /Users/lixuanqi/Github/rate/backend/vendor/phalapi/notorm/src/NotORM/Result.php:261
Stack trace:
#0 /Users/lixuanqi/Github/rate/backend/vendor/phalapi/notorm/src/NotORM/Result.php(338): NotORM_Result->query('INSERT INTO cou...', Array)
#1 /Users/lixuanqi/Github/rate/backend/vendor/phalapi/notorm/src/NotORM/Result.php(355): NotORM_Result->insert_multi(Array)
#2 /Users/lixuanqi/Github/rate/backend/src/app/Model/Comment.php(17): NotORM_Result->insert(Array)
#3 /Users/lixuanqi/Github/rate/backend/src/app/Domain/Comment.php(15): App\Model\Comment->submitComment(NULL, NULL, NULL, NULL, NULL, NULL, '2017-11-30', NULL)
#4 /Users/lixuanqi/Github/rate/backend/src/app/Api/Comment.php(35): App\Domain\Comment->submitComment(NULL, NULL, NULL, NULL, NULL, NULL, '2017-11-30', NULL)
#5 [internal function]: App\Api\Comment->submitComment()
#6 /Users/lixuanqi/Github/rate/backend/vendor/phalapi/kernal/src/PhalApi.php(49): call_user_func(Array)
#7 /Users/lixuanqi/Github/rate/backend/public/index.php(9): PhalApi\PhalApi->response()
#8 {main}
2017-11-30 22:30:10|ERROR|App.Comment.SubmitComment|PDOException: Column 'cc_content' cannot be null in /Users/lixuanqi/Github/rate/backend/vendor/phalapi/notorm/src/NotORM/Result.php:261
Stack trace:
#0 /Users/lixuanqi/Github/rate/backend/vendor/phalapi/notorm/src/NotORM/Result.php(338): NotORM_Result->query('INSERT INTO cou...', Array)
#1 /Users/lixuanqi/Github/rate/backend/vendor/phalapi/notorm/src/NotORM/Result.php(355): NotORM_Result->insert_multi(Array)
#2 /Users/lixuanqi/Github/rate/backend/src/app/Model/Comment.php(17): NotORM_Result->insert(Array)
#3 /Users/lixuanqi/Github/rate/backend/src/app/Domain/Comment.php(15): App\Model\Comment->submitComment(NULL, NULL, NULL, NULL, NULL, NULL, '2017-11-30', NULL)
#4 /Users/lixuanqi/Github/rate/backend/src/app/Api/Comment.php(35): App\Domain\Comment->submitComment(NULL, NULL, NULL, NULL, NULL, NULL, '2017-11-30', NULL)
#5 [internal function]: App\Api\Comment->submitComment()
#6 /Users/lixuanqi/Github/rate/backend/vendor/phalapi/kernal/src/PhalApi.php(49): call_user_func(Array)
#7 /Users/lixuanqi/Github/rate/backend/public/index.php(9): PhalApi\PhalApi->response()
#8 {main}
2017-11-30 22:40:30|ERROR|App.Comment.SubmitComment|PDOException: Column 'cc_content' cannot be null in /Users/lixuanqi/Github/rate/backend/vendor/phalapi/notorm/src/NotORM/Result.php:261
Stack trace:
#0 /Users/lixuanqi/Github/rate/backend/vendor/phalapi/notorm/src/NotORM/Result.php(338): NotORM_Result->query('INSERT INTO cou...', Array)
#1 /Users/lixuanqi/Github/rate/backend/vendor/phalapi/notorm/src/NotORM/Result.php(355): NotORM_Result->insert_multi(Array)
#2 /Users/lixuanqi/Github/rate/backend/src/app/Model/Comment.php(17): NotORM_Result->insert(Array)
#3 /Users/lixuanqi/Github/rate/backend/src/app/Domain/Comment.php(15): App\Model\Comment->submitComment(NULL, NULL, NULL, NULL, NULL, NULL, '2017-11-30', NULL)
#4 /Users/lixuanqi/Github/rate/backend/src/app/Api/Comment.php(35): App\Domain\Comment->submitComment(NULL, NULL, NULL, NULL, NULL, NULL, '2017-11-30', NULL)
#5 [internal function]: App\Api\Comment->submitComment()
#6 /Users/lixuanqi/Github/rate/backend/vendor/phalapi/kernal/src/PhalApi.php(49): call_user_func(Array)
#7 /Users/lixuanqi/Github/rate/backend/public/index.php(9): PhalApi\PhalApi->response()
#8 {main}
2017-11-30 22:47:27|ERROR|App.Comment.SubmitComment|PDOException: Column 'cc_content' cannot be null in /Users/lixuanqi/Github/rate/backend/vendor/phalapi/notorm/src/NotORM/Result.php:261
Stack trace:
#0 /Users/lixuanqi/Github/rate/backend/vendor/phalapi/notorm/src/NotORM/Result.php(338): NotORM_Result->query('INSERT INTO cou...', Array)
#1 /Users/lixuanqi/Github/rate/backend/vendor/phalapi/notorm/src/NotORM/Result.php(355): NotORM_Result->insert_multi(Array)
#2 /Users/lixuanqi/Github/rate/backend/src/app/Model/Comment.php(17): NotORM_Result->insert(Array)
#3 /Users/lixuanqi/Github/rate/backend/src/app/Domain/Comment.php(15): App\Model\Comment->submitComment(NULL, NULL, NULL, NULL, NULL, NULL, '2017-11-30', NULL)
#4 /Users/lixuanqi/Github/rate/backend/src/app/Api/Comment.php(35): App\Domain\Comment->submitComment(NULL, NULL, NULL, NULL, NULL, NULL, '2017-11-30', NULL)
#5 [internal function]: App\Api\Comment->submitComment()
#6 /Users/lixuanqi/Github/rate/backend/vendor/phalapi/kernal/src/PhalApi.php(49): call_user_func(Array)
#7 /Users/lixuanqi/Github/rate/backend/public/index.php(9): PhalApi\PhalApi->response()
#8 {main}
2017-11-30 22:48:24|ERROR|App.Comment.SubmitComment|PDOException: Column 'cc_overallquality' cannot be null in /Users/lixuanqi/Github/rate/backend/vendor/phalapi/notorm/src/NotORM/Result.php:261
Stack trace:
#0 /Users/lixuanqi/Github/rate/backend/vendor/phalapi/notorm/src/NotORM/Result.php(338): NotORM_Result->query('INSERT INTO cou...', Array)
#1 /Users/lixuanqi/Github/rate/backend/vendor/phalapi/notorm/src/NotORM/Result.php(355): NotORM_Result->insert_multi(Array)
#2 /Users/lixuanqi/Github/rate/backend/src/app/Model/Comment.php(17): NotORM_Result->insert(Array)
#3 /Users/lixuanqi/Github/rate/backend/src/app/Domain/Comment.php(15): App\Model\Comment->submitComment('333333', NULL, NULL, NULL, NULL, '3', '2017-11-30', '\xE5\xBC\x80\xE5\x8D\xB7')
#4 /Users/lixuanqi/Github/rate/backend/src/app/Api/Comment.php(35): App\Domain\Comment->submitComment('333333', NULL, NULL, NULL, NULL, '3', '2017-11-30', '\xE5\xBC\x80\xE5\x8D\xB7')
#5 [internal function]: App\Api\Comment->submitComment()
#6 /Users/lixuanqi/Github/rate/backend/vendor/phalapi/kernal/src/PhalApi.php(49): call_user_func(Array)
#7 /Users/lixuanqi/Github/rate/backend/public/index.php(9): PhalApi\PhalApi->response()
#8 {main}
2017-11-30 22:51:37|ERROR|App.Comment.SubmitComment|PDOException: Column 'cc_overallquality' cannot be null in /Users/lixuanqi/Github/rate/backend/vendor/phalapi/notorm/src/NotORM/Result.php:261
Stack trace:
#0 /Users/lixuanqi/Github/rate/backend/vendor/phalapi/notorm/src/NotORM/Result.php(338): NotORM_Result->query('INSERT INTO cou...', Array)
#1 /Users/lixuanqi/Github/rate/backend/vendor/phalapi/notorm/src/NotORM/Result.php(355): NotORM_Result->insert_multi(Array)
#2 /Users/lixuanqi/Github/rate/backend/src/app/Model/Comment.php(17): NotORM_Result->insert(Array)
#3 /Users/lixuanqi/Github/rate/backend/src/app/Domain/Comment.php(15): App\Model\Comment->submitComment('\xE8\xBF\x99\xE6\xA0\xB7\xE5\xBA\x94\xE8\xAF\xA5\xE6\x98\xAF...', NULL, NULL, NULL, NULL, '3', '2017-11-30', '\xE9\x97\xAD\xE5\x8D\xB7')
#4 /Users/lixuanqi/Github/rate/backend/src/app/Api/Comment.php(35): App\Domain\Comment->submitComment('\xE8\xBF\x99\xE6\xA0\xB7\xE5\xBA\x94\xE8\xAF\xA5\xE6\x98\xAF...', NULL, NULL, NULL, NULL, '3', '2017-11-30', '\xE9\x97\xAD\xE5\x8D\xB7')
#5 [internal function]: App\Api\Comment->submitComment()
#6 /Users/lixuanqi/Github/rate/backend/vendor/phalapi/kernal/src/PhalApi.php(49): call_user_func(Array)
#7 /Users/lixuanqi/Github/rate/backend/public/index.php(9): PhalApi\PhalApi->response()
#8 {main}
2017-11-30 22:52:37|ERROR|App.Comment.SubmitComment|PDOException: Column 'cc_attendance' cannot be null in /Users/lixuanqi/Github/rate/backend/vendor/phalapi/notorm/src/NotORM/Result.php:261
Stack trace:
#0 /Users/lixuanqi/Github/rate/backend/vendor/phalapi/notorm/src/NotORM/Result.php(338): NotORM_Result->query('INSERT INTO cou...', Array)
#1 /Users/lixuanqi/Github/rate/backend/vendor/phalapi/notorm/src/NotORM/Result.php(355): NotORM_Result->insert_multi(Array)
#2 /Users/lixuanqi/Github/rate/backend/src/app/Model/Comment.php(17): NotORM_Result->insert(Array)
#3 /Users/lixuanqi/Github/rate/backend/src/app/Domain/Comment.php(15): App\Model\Comment->submitComment('\xE5\x86\x8D\xE4\xB8\x8D\xE8\xA1\x8C\xE6\x88\x91\xE8\xA6\x81...', '5', NULL, '4', '99', '3', '2017-11-30', '\xE9\x97\xAD\xE5\x8D\xB7')
#4 /Users/lixuanqi/Github/rate/backend/src/app/Api/Comment.php(35): App\Domain\Comment->submitComment('\xE5\x86\x8D\xE4\xB8\x8D\xE8\xA1\x8C\xE6\x88\x91\xE8\xA6\x81...', '5', NULL, '4', '99', '3', '2017-11-30', '\xE9\x97\xAD\xE5\x8D\xB7')
#5 [internal function]: App\Api\Comment->submitComment()
#6 /Users/lixuanqi/Github/rate/backend/vendor/phalapi/kernal/src/PhalApi.php(49): call_user_func(Array)
#7 /Users/lixuanqi/Github/rate/backend/public/index.php(9): PhalApi\PhalApi->response()
#8 {main}
2017-11-30 22:53:09|ERROR|App.Comment.SubmitComment|PDOException: Column 'cc_attendance' cannot be null in /Users/lixuanqi/Github/rate/backend/vendor/phalapi/notorm/src/NotORM/Result.php:261
Stack trace:
#0 /Users/lixuanqi/Github/rate/backend/vendor/phalapi/notorm/src/NotORM/Result.php(338): NotORM_Result->query('INSERT INTO cou...', Array)
#1 /Users/lixuanqi/Github/rate/backend/vendor/phalapi/notorm/src/NotORM/Result.php(355): NotORM_Result->insert_multi(Array)
#2 /Users/lixuanqi/Github/rate/backend/src/app/Model/Comment.php(17): NotORM_Result->insert(Array)
#3 /Users/lixuanqi/Github/rate/backend/src/app/Domain/Comment.php(15): App\Model\Comment->submitComment('\xE5\x86\x8D\xE4\xB8\x8D\xE8\xA1\x8C\xE6\x88\x91\xE8\xA6\x81...', '5', NULL, '4', '9', '3', '2017-11-30', '\xE9\x97\xAD\xE5\x8D\xB7')
#4 /Users/lixuanqi/Github/rate/backend/src/app/Api/Comment.php(35): App\Domain\Comment->submitComment('\xE5\x86\x8D\xE4\xB8\x8D\xE8\xA1\x8C\xE6\x88\x91\xE8\xA6\x81...', '5', NULL, '4', '9', '3', '2017-11-30', '\xE9\x97\xAD\xE5\x8D\xB7')
#5 [internal function]: App\Api\Comment->submitComment()
#6 /Users/lixuanqi/Github/rate/backend/vendor/phalapi/kernal/src/PhalApi.php(49): call_user_func(Array)
#7 /Users/lixuanqi/Github/rate/backend/public/index.php(9): PhalApi\PhalApi->response()
#8 {main}
2017-11-30 23:00:57|ERROR|App.Comment.SubmitComment|PDOException: Out of range value for column 'cc_grade' at row 1 in /Users/lixuanqi/Github/rate/backend/vendor/phalapi/notorm/src/NotORM/Result.php:261
Stack trace:
#0 /Users/lixuanqi/Github/rate/backend/vendor/phalapi/notorm/src/NotORM/Result.php(338): NotORM_Result->query('INSERT INTO cou...', Array)
#1 /Users/lixuanqi/Github/rate/backend/vendor/phalapi/notorm/src/NotORM/Result.php(355): NotORM_Result->insert_multi(Array)
#2 /Users/lixuanqi/Github/rate/backend/src/app/Model/Comment.php(17): NotORM_Result->insert(Array)
#3 /Users/lixuanqi/Github/rate/backend/src/app/Domain/Comment.php(15): App\Model\Comment->submitComment('5555555555', '5', '5', '5', '55', '5', '2017-11-30', '\xE5\x8D\x8A\xE5\xBC\x80\xE5\x8D\xB7')
#4 /Users/lixuanqi/Github/rate/backend/src/app/Api/Comment.php(35): App\Domain\Comment->submitComment('5555555555', '5', '5', '5', '55', '5', '2017-11-30', '\xE5\x8D\x8A\xE5\xBC\x80\xE5\x8D\xB7')
#5 [internal function]: App\Api\Comment->submitComment()
#6 /Users/lixuanqi/Github/rate/backend/vendor/phalapi/kernal/src/PhalApi.php(49): call_user_func(Array)
#7 /Users/lixuanqi/Github/rate/backend/public/index.php(9): PhalApi\PhalApi->response()
#8 {main}
2017-11-30 23:01:25|ERROR|App.Comment.SubmitComment|PDOException: Out of range value for column 'cc_grade' at row 1 in /Users/lixuanqi/Github/rate/backend/vendor/phalapi/notorm/src/NotORM/Result.php:261
Stack trace:
#0 /Users/lixuanqi/Github/rate/backend/vendor/phalapi/notorm/src/NotORM/Result.php(338): NotORM_Result->query('INSERT INTO cou...', Array)
#1 /Users/lixuanqi/Github/rate/backend/vendor/phalapi/notorm/src/NotORM/Result.php(355): NotORM_Result->insert_multi(Array)
#2 /Users/lixuanqi/Github/rate/backend/src/app/Model/Comment.php(17): NotORM_Result->insert(Array)
#3 /Users/lixuanqi/Github/rate/backend/src/app/Domain/Comment.php(15): App\Model\Comment->submitComment('5555555555', '5', '5', '5', '55', '5', '2017-11-30', '\xE5\x8D\x8A\xE5\xBC\x80\xE5\x8D\xB7')
#4 /Users/lixuanqi/Github/rate/backend/src/app/Api/Comment.php(35): App\Domain\Comment->submitComment('5555555555', '5', '5', '5', '55', '5', '2017-11-30', '\xE5\x8D\x8A\xE5\xBC\x80\xE5\x8D\xB7')
#5 [internal function]: App\Api\Comment->submitComment()
#6 /Users/lixuanqi/Github/rate/backend/vendor/phalapi/kernal/src/PhalApi.php(49): call_user_func(Array)
#7 /Users/lixuanqi/Github/rate/backend/public/index.php(9): PhalApi\PhalApi->response()
#8 {main}
