2017-11-29 21:52:00|ERROR|App.Course.GetCourseByType|PDOException: Unknown column '必修课' in 'where clause' in /Users/lixuanqi/Github/rate/backend/vendor/phalapi/notorm/src/NotORM/Result.php:261
Stack trace:
#0 /Users/lixuanqi/Github/rate/backend/vendor/phalapi/notorm/src/NotORM/Result.php(930): NotORM_Result->query('SELECT `c_id`, ...', Array)
#1 /Users/lixuanqi/Github/rate/backend/vendor/phalapi/notorm/src/NotORM/Result.php(917): NotORM_Result->queryRows('SELECT `c_id`, ...', Array)
#2 /Users/lixuanqi/Github/rate/backend/src/app/Model/Course.php(24): NotORM_Result->queryAll('SELECT `c_id`, ...')
#3 /Users/lixuanqi/Github/rate/backend/src/app/Domain/Course.php(14): App\Model\Course->getCourseByType('\xE5\xBF\x85\xE4\xBF\xAE\xE8\xAF\xBE')
#4 /Users/lixuanqi/Github/rate/backend/src/app/Api/Course.php(29): App\Domain\Course->getCourseByType('\xE5\xBF\x85\xE4\xBF\xAE\xE8\xAF\xBE')
#5 [internal function]: App\Api\Course->getCourseByType()
#6 /Users/lixuanqi/Github/rate/backend/vendor/phalapi/kernal/src/PhalApi.php(49): call_user_func(Array)
#7 /Users/lixuanqi/Github/rate/backend/public/index.php(9): PhalApi\PhalApi->response()
#8 {main}
2017-11-29 22:25:45|ERROR|App.Course.GetCourseByType|PDOException: Unknown column 'undefined' in 'where clause' in /Users/lixuanqi/Github/rate/backend/vendor/phalapi/notorm/src/NotORM/Result.php:261
Stack trace:
#0 /Users/lixuanqi/Github/rate/backend/vendor/phalapi/notorm/src/NotORM/Result.php(930): NotORM_Result->query('SELECT `c_id`, ...', Array)
#1 /Users/lixuanqi/Github/rate/backend/vendor/phalapi/notorm/src/NotORM/Result.php(917): NotORM_Result->queryRows('SELECT `c_id`, ...', Array)
#2 /Users/lixuanqi/Github/rate/backend/src/app/Model/Course.php(24): NotORM_Result->queryAll('SELECT `c_id`, ...')
#3 /Users/lixuanqi/Github/rate/backend/src/app/Domain/Course.php(14): App\Model\Course->getCourseByType('undefined')
#4 /Users/lixuanqi/Github/rate/backend/src/app/Api/Course.php(29): App\Domain\Course->getCourseByType('undefined')
#5 [internal function]: App\Api\Course->getCourseByType()
#6 /Users/lixuanqi/Github/rate/backend/vendor/phalapi/kernal/src/PhalApi.php(49): call_user_func(Array)
#7 /Users/lixuanqi/Github/rate/backend/public/index.php(9): PhalApi\PhalApi->response()
#8 {main}
2017-11-29 23:14:02|ERROR|App.Course.GetCourseBySchool|PDOException: You have an error in your SQL syntax; check the manual that corresponds to your MySQL server version for the right syntax to use near '' at line 1 in /Users/lixuanqi/Github/rate/backend/vendor/phalapi/notorm/src/NotORM/Result.php:261
Stack trace:
#0 /Users/lixuanqi/Github/rate/backend/vendor/phalapi/notorm/src/NotORM/Result.php(930): NotORM_Result->query('SELECT `c_id`, ...', Array)
#1 /Users/lixuanqi/Github/rate/backend/vendor/phalapi/notorm/src/NotORM/Result.php(917): NotORM_Result->queryRows('SELECT `c_id`, ...', Array)
#2 /Users/lixuanqi/Github/rate/backend/src/app/Model/Course.php(28): NotORM_Result->queryAll('SELECT `c_id`, ...')
#3 /Users/lixuanqi/Github/rate/backend/src/app/Domain/Course.php(17): App\Model\Course->getCourseBySchool(NULL)
#4 /Users/lixuanqi/Github/rate/backend/src/app/Api/Course.php(35): App\Domain\Course->getCourseBySchool(NULL)
#5 [internal function]: App\Api\Course->getCourseBySchool()
#6 /Users/lixuanqi/Github/rate/backend/vendor/phalapi/kernal/src/PhalApi.php(49): call_user_func(Array)
#7 /Users/lixuanqi/Github/rate/backend/public/index.php(9): PhalApi\PhalApi->response()
#8 {main}
2017-11-29 23:16:04|ERROR|App.Course.GetCourseBySchool|PDOException: You have an error in your SQL syntax; check the manual that corresponds to your MySQL server version for the right syntax to use near '' at line 1 in /Users/lixuanqi/Github/rate/backend/vendor/phalapi/notorm/src/NotORM/Result.php:261
Stack trace:
#0 /Users/lixuanqi/Github/rate/backend/vendor/phalapi/notorm/src/NotORM/Result.php(930): NotORM_Result->query('SELECT `c_id`, ...', Array)
#1 /Users/lixuanqi/Github/rate/backend/vendor/phalapi/notorm/src/NotORM/Result.php(917): NotORM_Result->queryRows('SELECT `c_id`, ...', Array)
#2 /Users/lixuanqi/Github/rate/backend/src/app/Model/Course.php(28): NotORM_Result->queryAll('SELECT `c_id`, ...')
#3 /Users/lixuanqi/Github/rate/backend/src/app/Domain/Course.php(17): App\Model\Course->getCourseBySchool(NULL)
#4 /Users/lixuanqi/Github/rate/backend/src/app/Api/Course.php(35): App\Domain\Course->getCourseBySchool(NULL)
#5 [internal function]: App\Api\Course->getCourseBySchool()
#6 /Users/lixuanqi/Github/rate/backend/vendor/phalapi/kernal/src/PhalApi.php(49): call_user_func(Array)
#7 /Users/lixuanqi/Github/rate/backend/public/index.php(9): PhalApi\PhalApi->response()
#8 {main}
2017-11-29 23:18:31|ERROR|App.Course.GetCourseBySchool|PDOException: You have an error in your SQL syntax; check the manual that corresponds to your MySQL server version for the right syntax to use near '' at line 1 in /Users/lixuanqi/Github/rate/backend/vendor/phalapi/notorm/src/NotORM/Result.php:261
Stack trace:
#0 /Users/lixuanqi/Github/rate/backend/vendor/phalapi/notorm/src/NotORM/Result.php(930): NotORM_Result->query('SELECT `c_id`, ...', Array)
#1 /Users/lixuanqi/Github/rate/backend/vendor/phalapi/notorm/src/NotORM/Result.php(917): NotORM_Result->queryRows('SELECT `c_id`, ...', Array)
#2 /Users/lixuanqi/Github/rate/backend/src/app/Model/Course.php(28): NotORM_Result->queryAll('SELECT `c_id`, ...')
#3 /Users/lixuanqi/Github/rate/backend/src/app/Domain/Course.php(17): App\Model\Course->getCourseBySchool(NULL)
#4 /Users/lixuanqi/Github/rate/backend/src/app/Api/Course.php(35): App\Domain\Course->getCourseBySchool(NULL)
#5 [internal function]: App\Api\Course->getCourseBySchool()
#6 /Users/lixuanqi/Github/rate/backend/vendor/phalapi/kernal/src/PhalApi.php(49): call_user_func(Array)
#7 /Users/lixuanqi/Github/rate/backend/public/index.php(9): PhalApi\PhalApi->response()
#8 {main}
2017-11-29 23:19:25|ERROR|App.Course.GetCourseBySchool|PDOException: You have an error in your SQL syntax; check the manual that corresponds to your MySQL server version for the right syntax to use near '' at line 1 in /Users/lixuanqi/Github/rate/backend/vendor/phalapi/notorm/src/NotORM/Result.php:261
Stack trace:
#0 /Users/lixuanqi/Github/rate/backend/vendor/phalapi/notorm/src/NotORM/Result.php(930): NotORM_Result->query('SELECT `c_id`, ...', Array)
#1 /Users/lixuanqi/Github/rate/backend/vendor/phalapi/notorm/src/NotORM/Result.php(917): NotORM_Result->queryRows('SELECT `c_id`, ...', Array)
#2 /Users/lixuanqi/Github/rate/backend/src/app/Model/Course.php(28): NotORM_Result->queryAll('SELECT `c_id`, ...')
#3 /Users/lixuanqi/Github/rate/backend/src/app/Domain/Course.php(17): App\Model\Course->getCourseBySchool(NULL)
#4 /Users/lixuanqi/Github/rate/backend/src/app/Api/Course.php(35): App\Domain\Course->getCourseBySchool(NULL)
#5 [internal function]: App\Api\Course->getCourseBySchool()
#6 /Users/lixuanqi/Github/rate/backend/vendor/phalapi/kernal/src/PhalApi.php(49): call_user_func(Array)
#7 /Users/lixuanqi/Github/rate/backend/public/index.php(9): PhalApi\PhalApi->response()
#8 {main}
2017-11-29 23:20:43|ERROR|App.Course.GetCourseBySchool|PDOException: You have an error in your SQL syntax; check the manual that corresponds to your MySQL server version for the right syntax to use near '' at line 1 in /Users/lixuanqi/Github/rate/backend/vendor/phalapi/notorm/src/NotORM/Result.php:261
Stack trace:
#0 /Users/lixuanqi/Github/rate/backend/vendor/phalapi/notorm/src/NotORM/Result.php(930): NotORM_Result->query('SELECT `c_id`, ...', Array)
#1 /Users/lixuanqi/Github/rate/backend/vendor/phalapi/notorm/src/NotORM/Result.php(917): NotORM_Result->queryRows('SELECT `c_id`, ...', Array)
#2 /Users/lixuanqi/Github/rate/backend/src/app/Model/Course.php(28): NotORM_Result->queryAll('SELECT `c_id`, ...')
#3 /Users/lixuanqi/Github/rate/backend/src/app/Domain/Course.php(17): App\Model\Course->getCourseBySchool(NULL)
#4 /Users/lixuanqi/Github/rate/backend/src/app/Api/Course.php(35): App\Domain\Course->getCourseBySchool(NULL)
#5 [internal function]: App\Api\Course->getCourseBySchool()
#6 /Users/lixuanqi/Github/rate/backend/vendor/phalapi/kernal/src/PhalApi.php(49): call_user_func(Array)
#7 /Users/lixuanqi/Github/rate/backend/public/index.php(9): PhalApi\PhalApi->response()
#8 {main}
2017-11-29 23:23:04|ERROR|App.Course.getCourseBySchool|PDOException: You have an error in your SQL syntax; check the manual that corresponds to your MySQL server version for the right syntax to use near '' at line 1 in /Users/lixuanqi/Github/rate/backend/vendor/phalapi/notorm/src/NotORM/Result.php:261
Stack trace:
#0 /Users/lixuanqi/Github/rate/backend/vendor/phalapi/notorm/src/NotORM/Result.php(930): NotORM_Result->query('SELECT `c_id`, ...', Array)
#1 /Users/lixuanqi/Github/rate/backend/vendor/phalapi/notorm/src/NotORM/Result.php(917): NotORM_Result->queryRows('SELECT `c_id`, ...', Array)
#2 /Users/lixuanqi/Github/rate/backend/src/app/Model/Course.php(28): NotORM_Result->queryAll('SELECT `c_id`, ...')
#3 /Users/lixuanqi/Github/rate/backend/src/app/Domain/Course.php(17): App\Model\Course->getCourseBySchool(NULL)
#4 /Users/lixuanqi/Github/rate/backend/src/app/Api/Course.php(35): App\Domain\Course->getCourseBySchool(NULL)
#5 [internal function]: App\Api\Course->getCourseBySchool()
#6 /Users/lixuanqi/Github/rate/backend/vendor/phalapi/kernal/src/PhalApi.php(49): call_user_func(Array)
#7 /Users/lixuanqi/Github/rate/backend/public/index.php(9): PhalApi\PhalApi->response()
#8 {main}
2017-11-29 23:25:04|ERROR|App.Course.getCourseBySchool|PDOException: You have an error in your SQL syntax; check the manual that corresponds to your MySQL server version for the right syntax to use near '' at line 1 in /Users/lixuanqi/Github/rate/backend/vendor/phalapi/notorm/src/NotORM/Result.php:261
Stack trace:
#0 /Users/lixuanqi/Github/rate/backend/vendor/phalapi/notorm/src/NotORM/Result.php(930): NotORM_Result->query('SELECT `c_id`, ...', Array)
#1 /Users/lixuanqi/Github/rate/backend/vendor/phalapi/notorm/src/NotORM/Result.php(917): NotORM_Result->queryRows('SELECT `c_id`, ...', Array)
#2 /Users/lixuanqi/Github/rate/backend/src/app/Model/Course.php(28): NotORM_Result->queryAll('SELECT `c_id`, ...')
#3 /Users/lixuanqi/Github/rate/backend/src/app/Domain/Course.php(17): App\Model\Course->getCourseBySchool(NULL)
#4 /Users/lixuanqi/Github/rate/backend/src/app/Api/Course.php(35): App\Domain\Course->getCourseBySchool(NULL)
#5 [internal function]: App\Api\Course->getCourseBySchool()
#6 /Users/lixuanqi/Github/rate/backend/vendor/phalapi/kernal/src/PhalApi.php(49): call_user_func(Array)
#7 /Users/lixuanqi/Github/rate/backend/public/index.php(9): PhalApi\PhalApi->response()
#8 {main}
2017-11-29 23:25:55|ERROR|App.Course.getCourseBySchool|PDOException: You have an error in your SQL syntax; check the manual that corresponds to your MySQL server version for the right syntax to use near '' at line 1 in /Users/lixuanqi/Github/rate/backend/vendor/phalapi/notorm/src/NotORM/Result.php:261
Stack trace:
#0 /Users/lixuanqi/Github/rate/backend/vendor/phalapi/notorm/src/NotORM/Result.php(930): NotORM_Result->query('SELECT `c_id`, ...', Array)
#1 /Users/lixuanqi/Github/rate/backend/vendor/phalapi/notorm/src/NotORM/Result.php(917): NotORM_Result->queryRows('SELECT `c_id`, ...', Array)
#2 /Users/lixuanqi/Github/rate/backend/src/app/Model/Course.php(28): NotORM_Result->queryAll('SELECT `c_id`, ...')
#3 /Users/lixuanqi/Github/rate/backend/src/app/Domain/Course.php(17): App\Model\Course->getCourseBySchool(NULL)
#4 /Users/lixuanqi/Github/rate/backend/src/app/Api/Course.php(35): App\Domain\Course->getCourseBySchool(NULL)
#5 [internal function]: App\Api\Course->getCourseBySchool()
#6 /Users/lixuanqi/Github/rate/backend/vendor/phalapi/kernal/src/PhalApi.php(49): call_user_func(Array)
#7 /Users/lixuanqi/Github/rate/backend/public/index.php(9): PhalApi\PhalApi->response()
#8 {main}
2017-11-29 23:25:57|ERROR|App.Course.getCourseBySchool|PDOException: You have an error in your SQL syntax; check the manual that corresponds to your MySQL server version for the right syntax to use near '' at line 1 in /Users/lixuanqi/Github/rate/backend/vendor/phalapi/notorm/src/NotORM/Result.php:261
Stack trace:
#0 /Users/lixuanqi/Github/rate/backend/vendor/phalapi/notorm/src/NotORM/Result.php(930): NotORM_Result->query('SELECT `c_id`, ...', Array)
#1 /Users/lixuanqi/Github/rate/backend/vendor/phalapi/notorm/src/NotORM/Result.php(917): NotORM_Result->queryRows('SELECT `c_id`, ...', Array)
#2 /Users/lixuanqi/Github/rate/backend/src/app/Model/Course.php(28): NotORM_Result->queryAll('SELECT `c_id`, ...')
#3 /Users/lixuanqi/Github/rate/backend/src/app/Domain/Course.php(17): App\Model\Course->getCourseBySchool(NULL)
#4 /Users/lixuanqi/Github/rate/backend/src/app/Api/Course.php(35): App\Domain\Course->getCourseBySchool(NULL)
#5 [internal function]: App\Api\Course->getCourseBySchool()
#6 /Users/lixuanqi/Github/rate/backend/vendor/phalapi/kernal/src/PhalApi.php(49): call_user_func(Array)
#7 /Users/lixuanqi/Github/rate/backend/public/index.php(9): PhalApi\PhalApi->response()
#8 {main}
2017-11-29 23:29:50|ERROR|App.Course.getCourseBySchool|PDOException: You have an error in your SQL syntax; check the manual that corresponds to your MySQL server version for the right syntax to use near '' at line 1 in /Users/lixuanqi/Github/rate/backend/vendor/phalapi/notorm/src/NotORM/Result.php:261
Stack trace:
#0 /Users/lixuanqi/Github/rate/backend/vendor/phalapi/notorm/src/NotORM/Result.php(930): NotORM_Result->query('SELECT `c_id`, ...', Array)
#1 /Users/lixuanqi/Github/rate/backend/vendor/phalapi/notorm/src/NotORM/Result.php(917): NotORM_Result->queryRows('SELECT `c_id`, ...', Array)
#2 /Users/lixuanqi/Github/rate/backend/src/app/Model/Course.php(28): NotORM_Result->queryAll('SELECT `c_id`, ...')
#3 /Users/lixuanqi/Github/rate/backend/src/app/Domain/Course.php(17): App\Model\Course->getCourseBySchool(NULL)
#4 /Users/lixuanqi/Github/rate/backend/src/app/Api/Course.php(35): App\Domain\Course->getCourseBySchool(NULL)
#5 [internal function]: App\Api\Course->getCourseBySchool()
#6 /Users/lixuanqi/Github/rate/backend/vendor/phalapi/kernal/src/PhalApi.php(49): call_user_func(Array)
#7 /Users/lixuanqi/Github/rate/backend/public/index.php(9): PhalApi\PhalApi->response()
#8 {main}
2017-11-29 23:30:57|ERROR|App.Course.getCourseByType|PDOException: You have an error in your SQL syntax; check the manual that corresponds to your MySQL server version for the right syntax to use near '' at line 1 in /Users/lixuanqi/Github/rate/backend/vendor/phalapi/notorm/src/NotORM/Result.php:261
Stack trace:
#0 /Users/lixuanqi/Github/rate/backend/vendor/phalapi/notorm/src/NotORM/Result.php(930): NotORM_Result->query('SELECT `c_id`, ...', Array)
#1 /Users/lixuanqi/Github/rate/backend/vendor/phalapi/notorm/src/NotORM/Result.php(917): NotORM_Result->queryRows('SELECT `c_id`, ...', Array)
#2 /Users/lixuanqi/Github/rate/backend/src/app/Model/Course.php(24): NotORM_Result->queryAll('SELECT `c_id`, ...')
#3 /Users/lixuanqi/Github/rate/backend/src/app/Domain/Course.php(14): App\Model\Course->getCourseByType(NULL)
#4 /Users/lixuanqi/Github/rate/backend/src/app/Api/Course.php(32): App\Domain\Course->getCourseByType(NULL)
#5 [internal function]: App\Api\Course->getCourseByType()
#6 /Users/lixuanqi/Github/rate/backend/vendor/phalapi/kernal/src/PhalApi.php(49): call_user_func(Array)
#7 /Users/lixuanqi/Github/rate/backend/public/index.php(9): PhalApi\PhalApi->response()
#8 {main}
2017-11-29 23:33:00|ERROR|App.Course.getCourseBySchool|PDOException: You have an error in your SQL syntax; check the manual that corresponds to your MySQL server version for the right syntax to use near '' at line 1 in /Users/lixuanqi/Github/rate/backend/vendor/phalapi/notorm/src/NotORM/Result.php:261
Stack trace:
#0 /Users/lixuanqi/Github/rate/backend/vendor/phalapi/notorm/src/NotORM/Result.php(930): NotORM_Result->query('SELECT `c_id`, ...', Array)
#1 /Users/lixuanqi/Github/rate/backend/vendor/phalapi/notorm/src/NotORM/Result.php(917): NotORM_Result->queryRows('SELECT `c_id`, ...', Array)
#2 /Users/lixuanqi/Github/rate/backend/src/app/Model/Course.php(28): NotORM_Result->queryAll('SELECT `c_id`, ...')
#3 /Users/lixuanqi/Github/rate/backend/src/app/Domain/Course.php(17): App\Model\Course->getCourseBySchool(NULL)
#4 /Users/lixuanqi/Github/rate/backend/src/app/Api/Course.php(35): App\Domain\Course->getCourseBySchool(NULL)
#5 [internal function]: App\Api\Course->getCourseBySchool()
#6 /Users/lixuanqi/Github/rate/backend/vendor/phalapi/kernal/src/PhalApi.php(49): call_user_func(Array)
#7 /Users/lixuanqi/Github/rate/backend/public/index.php(9): PhalApi\PhalApi->response()
#8 {main}
2017-11-29 23:33:27|ERROR|App.Course.getCourseBySchool|PDOException: You have an error in your SQL syntax; check the manual that corresponds to your MySQL server version for the right syntax to use near '' at line 1 in /Users/lixuanqi/Github/rate/backend/vendor/phalapi/notorm/src/NotORM/Result.php:261
Stack trace:
#0 /Users/lixuanqi/Github/rate/backend/vendor/phalapi/notorm/src/NotORM/Result.php(930): NotORM_Result->query('SELECT `c_id`, ...', Array)
#1 /Users/lixuanqi/Github/rate/backend/vendor/phalapi/notorm/src/NotORM/Result.php(917): NotORM_Result->queryRows('SELECT `c_id`, ...', Array)
#2 /Users/lixuanqi/Github/rate/backend/src/app/Model/Course.php(28): NotORM_Result->queryAll('SELECT `c_id`, ...')
#3 /Users/lixuanqi/Github/rate/backend/src/app/Domain/Course.php(17): App\Model\Course->getCourseBySchool(NULL)
#4 /Users/lixuanqi/Github/rate/backend/src/app/Api/Course.php(35): App\Domain\Course->getCourseBySchool(NULL)
#5 [internal function]: App\Api\Course->getCourseBySchool()
#6 /Users/lixuanqi/Github/rate/backend/vendor/phalapi/kernal/src/PhalApi.php(49): call_user_func(Array)
#7 /Users/lixuanqi/Github/rate/backend/public/index.php(9): PhalApi\PhalApi->response()
#8 {main}
