2017-12-14 19:13:48|ERROR|App.Comment.AddOne|PDOException: Incorrect integer value: 'undefined' for column 'cu_userid' at row 1 in /Users/lixuanqi/Github/rate/backend/vendor/phalapi/notorm/src/NotORM/Result.php:261
Stack trace:
#0 /Users/lixuanqi/Github/rate/backend/vendor/phalapi/notorm/src/NotORM/Result.php(338): NotORM_Result->query('INSERT INTO com...', Array)
#1 /Users/lixuanqi/Github/rate/backend/vendor/phalapi/notorm/src/NotORM/Result.php(355): NotORM_Result->insert_multi(Array)
#2 /Users/lixuanqi/Github/rate/backend/src/app/Model/Useful.php(14): NotORM_Result->insert(Array)
#3 /Users/lixuanqi/Github/rate/backend/src/app/Domain/Comment.php(53): App\Model\Useful->addOne('useful', 'undefined', '49')
#4 /Users/lixuanqi/Github/rate/backend/src/app/Api/Comment.php(63): App\Domain\Comment->addOne('useful', 'undefined', '49')
#5 [internal function]: App\Api\Comment->addOne()
#6 /Users/lixuanqi/Github/rate/backend/vendor/phalapi/kernal/src/PhalApi.php(49): call_user_func(Array)
#7 /Users/lixuanqi/Github/rate/backend/public/index.php(9): PhalApi\PhalApi->response()
#8 {main}
2017-12-14 20:02:36|ERROR|App.Comment.AddOne|PDOException: Incorrect integer value: 'undefined' for column 'cu_userid' at row 1 in /Users/lixuanqi/Github/rate/backend/vendor/phalapi/notorm/src/NotORM/Result.php:261
Stack trace:
#0 /Users/lixuanqi/Github/rate/backend/vendor/phalapi/notorm/src/NotORM/Result.php(338): NotORM_Result->query('INSERT INTO com...', Array)
#1 /Users/lixuanqi/Github/rate/backend/vendor/phalapi/notorm/src/NotORM/Result.php(355): NotORM_Result->insert_multi(Array)
#2 /Users/lixuanqi/Github/rate/backend/src/app/Model/Useful.php(14): NotORM_Result->insert(Array)
#3 /Users/lixuanqi/Github/rate/backend/src/app/Domain/Comment.php(53): App\Model\Useful->addOne('useful', 'undefined', '49')
#4 /Users/lixuanqi/Github/rate/backend/src/app/Api/Comment.php(67): App\Domain\Comment->addOne('useful', 'undefined', '49')
#5 [internal function]: App\Api\Comment->addOne()
#6 /Users/lixuanqi/Github/rate/backend/vendor/phalapi/kernal/src/PhalApi.php(49): call_user_func(Array)
#7 /Users/lixuanqi/Github/rate/backend/public/index.php(9): PhalApi\PhalApi->response()
#8 {main}
2017-12-14 20:02:37|ERROR|App.Comment.AddOne|PDOException: Incorrect integer value: 'undefined' for column 'cu_userid' at row 1 in /Users/lixuanqi/Github/rate/backend/vendor/phalapi/notorm/src/NotORM/Result.php:261
Stack trace:
#0 /Users/lixuanqi/Github/rate/backend/vendor/phalapi/notorm/src/NotORM/Result.php(338): NotORM_Result->query('INSERT INTO com...', Array)
#1 /Users/lixuanqi/Github/rate/backend/vendor/phalapi/notorm/src/NotORM/Result.php(355): NotORM_Result->insert_multi(Array)
#2 /Users/lixuanqi/Github/rate/backend/src/app/Model/Useful.php(14): NotORM_Result->insert(Array)
#3 /Users/lixuanqi/Github/rate/backend/src/app/Domain/Comment.php(53): App\Model\Useful->addOne('useful', 'undefined', '49')
#4 /Users/lixuanqi/Github/rate/backend/src/app/Api/Comment.php(67): App\Domain\Comment->addOne('useful', 'undefined', '49')
#5 [internal function]: App\Api\Comment->addOne()
#6 /Users/lixuanqi/Github/rate/backend/vendor/phalapi/kernal/src/PhalApi.php(49): call_user_func(Array)
#7 /Users/lixuanqi/Github/rate/backend/public/index.php(9): PhalApi\PhalApi->response()
#8 {main}
2017-12-14 20:10:40|ERROR|App.Comment.AddOne|PDOException: Incorrect integer value: 'undefined' for column 'cu_userid' at row 1 in /Users/lixuanqi/Github/rate/backend/vendor/phalapi/notorm/src/NotORM/Result.php:261
Stack trace:
#0 /Users/lixuanqi/Github/rate/backend/vendor/phalapi/notorm/src/NotORM/Result.php(338): NotORM_Result->query('INSERT INTO com...', Array)
#1 /Users/lixuanqi/Github/rate/backend/vendor/phalapi/notorm/src/NotORM/Result.php(355): NotORM_Result->insert_multi(Array)
#2 /Users/lixuanqi/Github/rate/backend/src/app/Model/Useful.php(14): NotORM_Result->insert(Array)
#3 /Users/lixuanqi/Github/rate/backend/src/app/Domain/Comment.php(52): App\Model\Useful->addOne('useful', 'undefined', '49')
#4 /Users/lixuanqi/Github/rate/backend/src/app/Api/Comment.php(72): App\Domain\Comment->addOne('useful', 'undefined', '49')
#5 [internal function]: App\Api\Comment->addOne()
#6 /Users/lixuanqi/Github/rate/backend/vendor/phalapi/kernal/src/PhalApi.php(49): call_user_func(Array)
#7 /Users/lixuanqi/Github/rate/backend/public/index.php(9): PhalApi\PhalApi->response()
#8 {main}
2017-12-14 20:10:41|ERROR|App.Comment.MinusOne|PDOException: Truncated incorrect DOUBLE value: 'undefined' in /Users/lixuanqi/Github/rate/backend/vendor/phalapi/notorm/src/NotORM/Result.php:261
Stack trace:
#0 /Users/lixuanqi/Github/rate/backend/vendor/phalapi/notorm/src/NotORM/Result.php(503): NotORM_Result->query('DELETE FROM com...', Array)
#1 /Users/lixuanqi/Github/rate/backend/src/app/Model/Useful.php(19): NotORM_Result->delete(1)
#2 /Users/lixuanqi/Github/rate/backend/src/app/Domain/Comment.php(55): App\Model\Useful->minusOne('useful', 'undefined', '49')
#3 /Users/lixuanqi/Github/rate/backend/src/app/Api/Comment.php(78): App\Domain\Comment->minusOne('useful', 'undefined', '49')
#4 [internal function]: App\Api\Comment->minusOne()
#5 /Users/lixuanqi/Github/rate/backend/vendor/phalapi/kernal/src/PhalApi.php(49): call_user_func(Array)
#6 /Users/lixuanqi/Github/rate/backend/public/index.php(9): PhalApi\PhalApi->response()
#7 {main}
2017-12-14 20:10:57|ERROR|App.Comment.AddOne|PDOException: Incorrect integer value: 'undefined' for column 'cu_userid' at row 1 in /Users/lixuanqi/Github/rate/backend/vendor/phalapi/notorm/src/NotORM/Result.php:261
Stack trace:
#0 /Users/lixuanqi/Github/rate/backend/vendor/phalapi/notorm/src/NotORM/Result.php(338): NotORM_Result->query('INSERT INTO com...', Array)
#1 /Users/lixuanqi/Github/rate/backend/vendor/phalapi/notorm/src/NotORM/Result.php(355): NotORM_Result->insert_multi(Array)
#2 /Users/lixuanqi/Github/rate/backend/src/app/Model/Useful.php(14): NotORM_Result->insert(Array)
#3 /Users/lixuanqi/Github/rate/backend/src/app/Domain/Comment.php(52): App\Model\Useful->addOne('useful', 'undefined', '49')
#4 /Users/lixuanqi/Github/rate/backend/src/app/Api/Comment.php(72): App\Domain\Comment->addOne('useful', 'undefined', '49')
#5 [internal function]: App\Api\Comment->addOne()
#6 /Users/lixuanqi/Github/rate/backend/vendor/phalapi/kernal/src/PhalApi.php(49): call_user_func(Array)
#7 /Users/lixuanqi/Github/rate/backend/public/index.php(9): PhalApi\PhalApi->response()
#8 {main}
2017-12-14 20:11:00|ERROR|App.Comment.MinusOne|PDOException: Truncated incorrect DOUBLE value: 'undefined' in /Users/lixuanqi/Github/rate/backend/vendor/phalapi/notorm/src/NotORM/Result.php:261
Stack trace:
#0 /Users/lixuanqi/Github/rate/backend/vendor/phalapi/notorm/src/NotORM/Result.php(503): NotORM_Result->query('DELETE FROM com...', Array)
#1 /Users/lixuanqi/Github/rate/backend/src/app/Model/Useful.php(19): NotORM_Result->delete(1)
#2 /Users/lixuanqi/Github/rate/backend/src/app/Domain/Comment.php(55): App\Model\Useful->minusOne('useful', 'undefined', '49')
#3 /Users/lixuanqi/Github/rate/backend/src/app/Api/Comment.php(78): App\Domain\Comment->minusOne('useful', 'undefined', '49')
#4 [internal function]: App\Api\Comment->minusOne()
#5 /Users/lixuanqi/Github/rate/backend/vendor/phalapi/kernal/src/PhalApi.php(49): call_user_func(Array)
#6 /Users/lixuanqi/Github/rate/backend/public/index.php(9): PhalApi\PhalApi->response()
#7 {main}
2017-12-14 20:11:19|ERROR|App.Comment.AddOne|PDOException: Incorrect integer value: 'undefined' for column 'cu_userid' at row 1 in /Users/lixuanqi/Github/rate/backend/vendor/phalapi/notorm/src/NotORM/Result.php:261
Stack trace:
#0 /Users/lixuanqi/Github/rate/backend/vendor/phalapi/notorm/src/NotORM/Result.php(338): NotORM_Result->query('INSERT INTO com...', Array)
#1 /Users/lixuanqi/Github/rate/backend/vendor/phalapi/notorm/src/NotORM/Result.php(355): NotORM_Result->insert_multi(Array)
#2 /Users/lixuanqi/Github/rate/backend/src/app/Model/Useful.php(14): NotORM_Result->insert(Array)
#3 /Users/lixuanqi/Github/rate/backend/src/app/Domain/Comment.php(52): App\Model\Useful->addOne('useful', 'undefined', '49')
#4 /Users/lixuanqi/Github/rate/backend/src/app/Api/Comment.php(72): App\Domain\Comment->addOne('useful', 'undefined', '49')
#5 [internal function]: App\Api\Comment->addOne()
#6 /Users/lixuanqi/Github/rate/backend/vendor/phalapi/kernal/src/PhalApi.php(49): call_user_func(Array)
#7 /Users/lixuanqi/Github/rate/backend/public/index.php(9): PhalApi\PhalApi->response()
#8 {main}
2017-12-14 20:11:27|ERROR|App.Comment.AddOne|PDOException: Column 'cu_type' cannot be null in /Users/lixuanqi/Github/rate/backend/vendor/phalapi/notorm/src/NotORM/Result.php:261
Stack trace:
#0 /Users/lixuanqi/Github/rate/backend/vendor/phalapi/notorm/src/NotORM/Result.php(338): NotORM_Result->query('INSERT INTO com...', Array)
#1 /Users/lixuanqi/Github/rate/backend/vendor/phalapi/notorm/src/NotORM/Result.php(355): NotORM_Result->insert_multi(Array)
#2 /Users/lixuanqi/Github/rate/backend/src/app/Model/Useful.php(14): NotORM_Result->insert(Array)
#3 /Users/lixuanqi/Github/rate/backend/src/app/Domain/Comment.php(52): App\Model\Useful->addOne(NULL, NULL, NULL)
#4 /Users/lixuanqi/Github/rate/backend/src/app/Api/Comment.php(72): App\Domain\Comment->addOne(NULL, NULL, NULL)
#5 [internal function]: App\Api\Comment->addOne()
#6 /Users/lixuanqi/Github/rate/backend/vendor/phalapi/kernal/src/PhalApi.php(49): call_user_func(Array)
#7 /Users/lixuanqi/Github/rate/backend/public/index.php(9): PhalApi\PhalApi->response()
#8 {main}
2017-12-14 20:12:16|ERROR|App.Comment.AddOne|PDOException: Column 'cu_type' cannot be null in /Users/lixuanqi/Github/rate/backend/vendor/phalapi/notorm/src/NotORM/Result.php:261
Stack trace:
#0 /Users/lixuanqi/Github/rate/backend/vendor/phalapi/notorm/src/NotORM/Result.php(338): NotORM_Result->query('INSERT INTO com...', Array)
#1 /Users/lixuanqi/Github/rate/backend/vendor/phalapi/notorm/src/NotORM/Result.php(355): NotORM_Result->insert_multi(Array)
#2 /Users/lixuanqi/Github/rate/backend/src/app/Model/Useful.php(14): NotORM_Result->insert(Array)
#3 /Users/lixuanqi/Github/rate/backend/src/app/Domain/Comment.php(52): App\Model\Useful->addOne(NULL, NULL, NULL)
#4 /Users/lixuanqi/Github/rate/backend/src/app/Api/Comment.php(72): App\Domain\Comment->addOne(NULL, NULL, NULL)
#5 [internal function]: App\Api\Comment->addOne()
#6 /Users/lixuanqi/Github/rate/backend/vendor/phalapi/kernal/src/PhalApi.php(49): call_user_func(Array)
#7 /Users/lixuanqi/Github/rate/backend/public/index.php(9): PhalApi\PhalApi->response()
#8 {main}
2017-12-14 20:12:53|ERROR|App.Comment.MinusOne|PDOException: Truncated incorrect DOUBLE value: 'undefined' in /Users/lixuanqi/Github/rate/backend/vendor/phalapi/notorm/src/NotORM/Result.php:261
Stack trace:
#0 /Users/lixuanqi/Github/rate/backend/vendor/phalapi/notorm/src/NotORM/Result.php(503): NotORM_Result->query('DELETE FROM com...', Array)
#1 /Users/lixuanqi/Github/rate/backend/src/app/Model/Useful.php(19): NotORM_Result->delete(1)
#2 /Users/lixuanqi/Github/rate/backend/src/app/Domain/Comment.php(55): App\Model\Useful->minusOne('useful', 'undefined', '49')
#3 /Users/lixuanqi/Github/rate/backend/src/app/Api/Comment.php(78): App\Domain\Comment->minusOne('useful', 'undefined', '49')
#4 [internal function]: App\Api\Comment->minusOne()
#5 /Users/lixuanqi/Github/rate/backend/vendor/phalapi/kernal/src/PhalApi.php(49): call_user_func(Array)
#6 /Users/lixuanqi/Github/rate/backend/public/index.php(9): PhalApi\PhalApi->response()
#7 {main}
2017-12-14 20:13:02|ERROR|App.Comment.AddOne|PDOException: Incorrect integer value: 'undefined' for column 'cu_userid' at row 1 in /Users/lixuanqi/Github/rate/backend/vendor/phalapi/notorm/src/NotORM/Result.php:261
Stack trace:
#0 /Users/lixuanqi/Github/rate/backend/vendor/phalapi/notorm/src/NotORM/Result.php(338): NotORM_Result->query('INSERT INTO com...', Array)
#1 /Users/lixuanqi/Github/rate/backend/vendor/phalapi/notorm/src/NotORM/Result.php(355): NotORM_Result->insert_multi(Array)
#2 /Users/lixuanqi/Github/rate/backend/src/app/Model/Useful.php(14): NotORM_Result->insert(Array)
#3 /Users/lixuanqi/Github/rate/backend/src/app/Domain/Comment.php(52): App\Model\Useful->addOne('useful', 'undefined', '49')
#4 /Users/lixuanqi/Github/rate/backend/src/app/Api/Comment.php(72): App\Domain\Comment->addOne('useful', 'undefined', '49')
#5 [internal function]: App\Api\Comment->addOne()
#6 /Users/lixuanqi/Github/rate/backend/vendor/phalapi/kernal/src/PhalApi.php(49): call_user_func(Array)
#7 /Users/lixuanqi/Github/rate/backend/public/index.php(9): PhalApi\PhalApi->response()
#8 {main}
2017-12-14 20:13:06|ERROR|App.Comment.AddOne|PDOException: Column 'cu_type' cannot be null in /Users/lixuanqi/Github/rate/backend/vendor/phalapi/notorm/src/NotORM/Result.php:261
Stack trace:
#0 /Users/lixuanqi/Github/rate/backend/vendor/phalapi/notorm/src/NotORM/Result.php(338): NotORM_Result->query('INSERT INTO com...', Array)
#1 /Users/lixuanqi/Github/rate/backend/vendor/phalapi/notorm/src/NotORM/Result.php(355): NotORM_Result->insert_multi(Array)
#2 /Users/lixuanqi/Github/rate/backend/src/app/Model/Useful.php(14): NotORM_Result->insert(Array)
#3 /Users/lixuanqi/Github/rate/backend/src/app/Domain/Comment.php(52): App\Model\Useful->addOne(NULL, NULL, NULL)
#4 /Users/lixuanqi/Github/rate/backend/src/app/Api/Comment.php(72): App\Domain\Comment->addOne(NULL, NULL, NULL)
#5 [internal function]: App\Api\Comment->addOne()
#6 /Users/lixuanqi/Github/rate/backend/vendor/phalapi/kernal/src/PhalApi.php(49): call_user_func(Array)
#7 /Users/lixuanqi/Github/rate/backend/public/index.php(9): PhalApi\PhalApi->response()
#8 {main}
2017-12-14 20:14:17|ERROR|App.Comment.AddOne|PDOException: Column 'cu_type' cannot be null in /Users/lixuanqi/Github/rate/backend/vendor/phalapi/notorm/src/NotORM/Result.php:261
Stack trace:
#0 /Users/lixuanqi/Github/rate/backend/vendor/phalapi/notorm/src/NotORM/Result.php(338): NotORM_Result->query('INSERT INTO com...', Array)
#1 /Users/lixuanqi/Github/rate/backend/vendor/phalapi/notorm/src/NotORM/Result.php(355): NotORM_Result->insert_multi(Array)
#2 /Users/lixuanqi/Github/rate/backend/src/app/Model/Useful.php(14): NotORM_Result->insert(Array)
#3 /Users/lixuanqi/Github/rate/backend/src/app/Domain/Comment.php(52): App\Model\Useful->addOne(NULL, NULL, NULL)
#4 /Users/lixuanqi/Github/rate/backend/src/app/Api/Comment.php(72): App\Domain\Comment->addOne(NULL, NULL, NULL)
#5 [internal function]: App\Api\Comment->addOne()
#6 /Users/lixuanqi/Github/rate/backend/vendor/phalapi/kernal/src/PhalApi.php(49): call_user_func(Array)
#7 /Users/lixuanqi/Github/rate/backend/public/index.php(9): PhalApi\PhalApi->response()
#8 {main}
2017-12-14 20:23:01|ERROR|App.Comment.AddOne|PDOException: Incorrect integer value: 'undefined' for column 'cu_userid' at row 1 in /Users/lixuanqi/Github/rate/backend/vendor/phalapi/notorm/src/NotORM/Result.php:261
Stack trace:
#0 /Users/lixuanqi/Github/rate/backend/vendor/phalapi/notorm/src/NotORM/Result.php(338): NotORM_Result->query('INSERT INTO com...', Array)
#1 /Users/lixuanqi/Github/rate/backend/vendor/phalapi/notorm/src/NotORM/Result.php(355): NotORM_Result->insert_multi(Array)
#2 /Users/lixuanqi/Github/rate/backend/src/app/Model/Useful.php(14): NotORM_Result->insert(Array)
#3 /Users/lixuanqi/Github/rate/backend/src/app/Domain/Comment.php(52): App\Model\Useful->addOne('useful', 'undefined', '49')
#4 /Users/lixuanqi/Github/rate/backend/src/app/Api/Comment.php(72): App\Domain\Comment->addOne('useful', 'undefined', '49')
#5 [internal function]: App\Api\Comment->addOne()
#6 /Users/lixuanqi/Github/rate/backend/vendor/phalapi/kernal/src/PhalApi.php(49): call_user_func(Array)
#7 /Users/lixuanqi/Github/rate/backend/public/index.php(9): PhalApi\PhalApi->response()
#8 {main}
2017-12-14 20:23:02|ERROR|App.Comment.MinusOne|PDOException: Truncated incorrect DOUBLE value: 'undefined' in /Users/lixuanqi/Github/rate/backend/vendor/phalapi/notorm/src/NotORM/Result.php:261
Stack trace:
#0 /Users/lixuanqi/Github/rate/backend/vendor/phalapi/notorm/src/NotORM/Result.php(503): NotORM_Result->query('DELETE FROM com...', Array)
#1 /Users/lixuanqi/Github/rate/backend/src/app/Model/Useful.php(19): NotORM_Result->delete(1)
#2 /Users/lixuanqi/Github/rate/backend/src/app/Domain/Comment.php(55): App\Model\Useful->minusOne('useful', 'undefined', '49')
#3 /Users/lixuanqi/Github/rate/backend/src/app/Api/Comment.php(78): App\Domain\Comment->minusOne('useful', 'undefined', '49')
#4 [internal function]: App\Api\Comment->minusOne()
#5 /Users/lixuanqi/Github/rate/backend/vendor/phalapi/kernal/src/PhalApi.php(49): call_user_func(Array)
#6 /Users/lixuanqi/Github/rate/backend/public/index.php(9): PhalApi\PhalApi->response()
#7 {main}
2017-12-14 20:23:03|ERROR|App.Comment.AddOne|PDOException: Incorrect integer value: 'undefined' for column 'cu_userid' at row 1 in /Users/lixuanqi/Github/rate/backend/vendor/phalapi/notorm/src/NotORM/Result.php:261
Stack trace:
#0 /Users/lixuanqi/Github/rate/backend/vendor/phalapi/notorm/src/NotORM/Result.php(338): NotORM_Result->query('INSERT INTO com...', Array)
#1 /Users/lixuanqi/Github/rate/backend/vendor/phalapi/notorm/src/NotORM/Result.php(355): NotORM_Result->insert_multi(Array)
#2 /Users/lixuanqi/Github/rate/backend/src/app/Model/Useful.php(14): NotORM_Result->insert(Array)
#3 /Users/lixuanqi/Github/rate/backend/src/app/Domain/Comment.php(52): App\Model\Useful->addOne('notuseful', 'undefined', '49')
#4 /Users/lixuanqi/Github/rate/backend/src/app/Api/Comment.php(72): App\Domain\Comment->addOne('notuseful', 'undefined', '49')
#5 [internal function]: App\Api\Comment->addOne()
#6 /Users/lixuanqi/Github/rate/backend/vendor/phalapi/kernal/src/PhalApi.php(49): call_user_func(Array)
#7 /Users/lixuanqi/Github/rate/backend/public/index.php(9): PhalApi\PhalApi->response()
#8 {main}
2017-12-14 20:23:03|ERROR|App.Comment.MinusOne|PDOException: Truncated incorrect DOUBLE value: 'undefined' in /Users/lixuanqi/Github/rate/backend/vendor/phalapi/notorm/src/NotORM/Result.php:261
Stack trace:
#0 /Users/lixuanqi/Github/rate/backend/vendor/phalapi/notorm/src/NotORM/Result.php(503): NotORM_Result->query('DELETE FROM com...', Array)
#1 /Users/lixuanqi/Github/rate/backend/src/app/Model/Useful.php(19): NotORM_Result->delete(1)
#2 /Users/lixuanqi/Github/rate/backend/src/app/Domain/Comment.php(55): App\Model\Useful->minusOne('notuseful', 'undefined', '49')
#3 /Users/lixuanqi/Github/rate/backend/src/app/Api/Comment.php(78): App\Domain\Comment->minusOne('notuseful', 'undefined', '49')
#4 [internal function]: App\Api\Comment->minusOne()
#5 /Users/lixuanqi/Github/rate/backend/vendor/phalapi/kernal/src/PhalApi.php(49): call_user_func(Array)
#6 /Users/lixuanqi/Github/rate/backend/public/index.php(9): PhalApi\PhalApi->response()
#7 {main}
