2017-12-16 13:34:47|ERROR|App.Comment.AddOne|PDOException: Incorrect integer value: 'undefined' for column 'cu_userid' at row 1 in /Users/lixuanqi/Github/rate/backend/vendor/phalapi/notorm/src/NotORM/Result.php:261
Stack trace:
#0 /Users/lixuanqi/Github/rate/backend/vendor/phalapi/notorm/src/NotORM/Result.php(338): NotORM_Result->query('INSERT INTO com...', Array)
#1 /Users/lixuanqi/Github/rate/backend/vendor/phalapi/notorm/src/NotORM/Result.php(355): NotORM_Result->insert_multi(Array)
#2 /Users/lixuanqi/Github/rate/backend/src/app/Model/Useful.php(14): NotORM_Result->insert(Array)
#3 /Users/lixuanqi/Github/rate/backend/src/app/Domain/Comment.php(52): App\Model\Useful->addOne('useful', 'undefined', '49')
#4 /Users/lixuanqi/Github/rate/backend/src/app/Api/Comment.php(72): App\Domain\Comment->addOne('useful', 'undefined', '49')
#5 [internal function]: App\Api\Comment->addOne()
#6 /Users/lixuanqi/Github/rate/backend/vendor/phalapi/kernal/src/PhalApi.php(49): call_user_func(Array)
#7 /Users/lixuanqi/Github/rate/backend/public/index.php(9): PhalApi\PhalApi->response()
#8 {main}
2017-12-16 13:34:49|ERROR|App.Comment.AddOne|PDOException: Incorrect integer value: 'undefined' for column 'cu_userid' at row 1 in /Users/lixuanqi/Github/rate/backend/vendor/phalapi/notorm/src/NotORM/Result.php:261
Stack trace:
#0 /Users/lixuanqi/Github/rate/backend/vendor/phalapi/notorm/src/NotORM/Result.php(338): NotORM_Result->query('INSERT INTO com...', Array)
#1 /Users/lixuanqi/Github/rate/backend/vendor/phalapi/notorm/src/NotORM/Result.php(355): NotORM_Result->insert_multi(Array)
#2 /Users/lixuanqi/Github/rate/backend/src/app/Model/Useful.php(14): NotORM_Result->insert(Array)
#3 /Users/lixuanqi/Github/rate/backend/src/app/Domain/Comment.php(52): App\Model\Useful->addOne('notuseful', 'undefined', '49')
#4 /Users/lixuanqi/Github/rate/backend/src/app/Api/Comment.php(72): App\Domain\Comment->addOne('notuseful', 'undefined', '49')
#5 [internal function]: App\Api\Comment->addOne()
#6 /Users/lixuanqi/Github/rate/backend/vendor/phalapi/kernal/src/PhalApi.php(49): call_user_func(Array)
#7 /Users/lixuanqi/Github/rate/backend/public/index.php(9): PhalApi\PhalApi->response()
#8 {main}
2017-12-16 19:52:05|ERROR|App.Report.ReportComment|PDOException: Incorrect integer value: 'undefined' for column 'r_reporterid' at row 1 in /Users/lixuanqi/Github/rate/backend/vendor/phalapi/notorm/src/NotORM/Result.php:261
Stack trace:
#0 /Users/lixuanqi/Github/rate/backend/vendor/phalapi/notorm/src/NotORM/Result.php(338): NotORM_Result->query('INSERT INTO rep...', Array)
#1 /Users/lixuanqi/Github/rate/backend/vendor/phalapi/notorm/src/NotORM/Result.php(355): NotORM_Result->insert_multi(Array)
#2 /Users/lixuanqi/Github/rate/backend/src/app/Model/Report.php(13): NotORM_Result->insert(Array)
#3 /Users/lixuanqi/Github/rate/backend/src/app/Domain/Report.php(11): App\Model\Report->reportComment('49', 'undefined')
#4 /Users/lixuanqi/Github/rate/backend/src/app/Api/Report.php(27): App\Domain\Report->reportComment('49', 'undefined')
#5 [internal function]: App\Api\Report->reportComment()
#6 /Users/lixuanqi/Github/rate/backend/vendor/phalapi/kernal/src/PhalApi.php(49): call_user_func(Array)
#7 /Users/lixuanqi/Github/rate/backend/public/index.php(9): PhalApi\PhalApi->response()
#8 {main}
2017-12-16 19:53:04|ERROR|App.Comment.AddOne|PDOException: Incorrect integer value: 'undefined' for column 'cu_userid' at row 1 in /Users/lixuanqi/Github/rate/backend/vendor/phalapi/notorm/src/NotORM/Result.php:261
Stack trace:
#0 /Users/lixuanqi/Github/rate/backend/vendor/phalapi/notorm/src/NotORM/Result.php(338): NotORM_Result->query('INSERT INTO com...', Array)
#1 /Users/lixuanqi/Github/rate/backend/vendor/phalapi/notorm/src/NotORM/Result.php(355): NotORM_Result->insert_multi(Array)
#2 /Users/lixuanqi/Github/rate/backend/src/app/Model/Useful.php(14): NotORM_Result->insert(Array)
#3 /Users/lixuanqi/Github/rate/backend/src/app/Domain/Comment.php(52): App\Model\Useful->addOne('notuseful', 'undefined', '49')
#4 /Users/lixuanqi/Github/rate/backend/src/app/Api/Comment.php(72): App\Domain\Comment->addOne('notuseful', 'undefined', '49')
#5 [internal function]: App\Api\Comment->addOne()
#6 /Users/lixuanqi/Github/rate/backend/vendor/phalapi/kernal/src/PhalApi.php(49): call_user_func(Array)
#7 /Users/lixuanqi/Github/rate/backend/public/index.php(9): PhalApi\PhalApi->response()
#8 {main}
2017-12-16 21:37:21|ERROR|App.Comment.SubmitComment|PDOException: Incorrect integer value: '' for column 'cc_attendance' at row 1 in /Users/lixuanqi/Github/rate/backend/vendor/phalapi/notorm/src/NotORM/Result.php:261
Stack trace:
#0 /Users/lixuanqi/Github/rate/backend/vendor/phalapi/notorm/src/NotORM/Result.php(338): NotORM_Result->query('INSERT INTO cou...', Array)
#1 /Users/lixuanqi/Github/rate/backend/vendor/phalapi/notorm/src/NotORM/Result.php(355): NotORM_Result->insert_multi(Array)
#2 /Users/lixuanqi/Github/rate/backend/src/app/Model/Comment.php(22): NotORM_Result->insert(Array)
#3 /Users/lixuanqi/Github/rate/backend/src/app/Domain/Comment.php(36): App\Model\Comment->submitComment('', '3', '', '', '', '1', '2017-12-16', '\xE5\xBC\x80\xE5\x8D\xB7', '1', '1')
#4 /Users/lixuanqi/Github/rate/backend/src/app/Api/Comment.php(60): App\Domain\Comment->submitComment('', '3', '', '', '', '1', '2017-12-16', '\xE5\xBC\x80\xE5\x8D\xB7', '1', '1')
#5 [internal function]: App\Api\Comment->submitComment()
#6 /Users/lixuanqi/Github/rate/backend/vendor/phalapi/kernal/src/PhalApi.php(49): call_user_func(Array)
#7 /Users/lixuanqi/Github/rate/backend/public/index.php(9): PhalApi\PhalApi->response()
#8 {main}
2017-12-16 21:39:03|ERROR|App.Course.GetCourseById|PDOException: Unknown column 'result' in 'where clause' in /Users/lixuanqi/Github/rate/backend/vendor/phalapi/notorm/src/NotORM/Result.php:261
Stack trace:
#0 /Users/lixuanqi/Github/rate/backend/vendor/phalapi/notorm/src/NotORM/Result.php(930): NotORM_Result->query('SELECT `c_id`, ...', Array)
#1 /Users/lixuanqi/Github/rate/backend/vendor/phalapi/notorm/src/NotORM/Result.php(917): NotORM_Result->queryRows('SELECT `c_id`, ...', Array)
#2 /Users/lixuanqi/Github/rate/backend/src/app/Model/Course.php(18): NotORM_Result->queryAll('SELECT `c_id`, ...')
#3 /Users/lixuanqi/Github/rate/backend/src/app/Domain/Course.php(11): App\Model\Course->getCourseById('result')
#4 /Users/lixuanqi/Github/rate/backend/src/app/Api/Course.php(32): App\Domain\Course->getCourseById('result')
#5 [internal function]: App\Api\Course->getCourseById()
#6 /Users/lixuanqi/Github/rate/backend/vendor/phalapi/kernal/src/PhalApi.php(49): call_user_func(Array)
#7 /Users/lixuanqi/Github/rate/backend/public/index.php(9): PhalApi\PhalApi->response()
#8 {main}
