2017-12-02 00:54:25|ERROR|App.Course.GetCourseById|PDOException: Unknown column 'undefined' in 'where clause' in /Users/lixuanqi/Github/rate/backend/vendor/phalapi/notorm/src/NotORM/Result.php:261
Stack trace:
#0 /Users/lixuanqi/Github/rate/backend/vendor/phalapi/notorm/src/NotORM/Result.php(930): NotORM_Result->query('SELECT `c_id`, ...', Array)
#1 /Users/lixuanqi/Github/rate/backend/vendor/phalapi/notorm/src/NotORM/Result.php(917): NotORM_Result->queryRows('SELECT `c_id`, ...', Array)
#2 /Users/lixuanqi/Github/rate/backend/src/app/Model/Course.php(18): NotORM_Result->queryAll('SELECT `c_id`, ...')
#3 /Users/lixuanqi/Github/rate/backend/src/app/Domain/Course.php(11): App\Model\Course->getCourseById('undefined')
#4 /Users/lixuanqi/Github/rate/backend/src/app/Api/Course.php(32): App\Domain\Course->getCourseById('undefined')
#5 [internal function]: App\Api\Course->getCourseById()
#6 /Users/lixuanqi/Github/rate/backend/vendor/phalapi/kernal/src/PhalApi.php(49): call_user_func(Array)
#7 /Users/lixuanqi/Github/rate/backend/public/index.php(9): PhalApi\PhalApi->response()
#8 {main}
2017-12-02 20:37:39|ERROR|App.Comment.GetComment|PDOException: Unknown column 'id' in 'where clause' in /Users/lixuanqi/Github/rate/backend/vendor/phalapi/notorm/src/NotORM/Result.php:261
Stack trace:
#0 /Users/lixuanqi/Github/rate/backend/vendor/phalapi/notorm/src/NotORM/Result.php(810): NotORM_Result->query('SELECT * FROM c...', Array)
#1 /Users/lixuanqi/Github/rate/backend/vendor/phalapi/notorm/src/NotORM/Result.php(856): NotORM_Result->execute()
#2 /Users/lixuanqi/Github/rate/backend/vendor/phalapi/notorm/src/NotORM/Result.php(1058): NotORM_Result->fetch()
#3 /Users/lixuanqi/Github/rate/backend/src/app/Domain/Comment.php(12): NotORM_Result->offsetGet(0)
#4 /Users/lixuanqi/Github/rate/backend/src/app/Api/Comment.php(31): App\Domain\Comment->getComment('1')
#5 [internal function]: App\Api\Comment->getComment()
#6 /Users/lixuanqi/Github/rate/backend/vendor/phalapi/kernal/src/PhalApi.php(49): call_user_func(Array)
#7 /Users/lixuanqi/Github/rate/backend/public/index.php(9): PhalApi\PhalApi->response()
#8 {main}
2017-12-02 20:37:48|ERROR|App.Comment.GetComment|PDOException: Unknown column 'id' in 'where clause' in /Users/lixuanqi/Github/rate/backend/vendor/phalapi/notorm/src/NotORM/Result.php:261
Stack trace:
#0 /Users/lixuanqi/Github/rate/backend/vendor/phalapi/notorm/src/NotORM/Result.php(810): NotORM_Result->query('SELECT * FROM c...', Array)
#1 /Users/lixuanqi/Github/rate/backend/vendor/phalapi/notorm/src/NotORM/Result.php(856): NotORM_Result->execute()
#2 /Users/lixuanqi/Github/rate/backend/vendor/phalapi/notorm/src/NotORM/Result.php(1058): NotORM_Result->fetch()
#3 /Users/lixuanqi/Github/rate/backend/src/app/Domain/Comment.php(12): NotORM_Result->offsetGet(0)
#4 /Users/lixuanqi/Github/rate/backend/src/app/Api/Comment.php(31): App\Domain\Comment->getComment('1')
#5 [internal function]: App\Api\Comment->getComment()
#6 /Users/lixuanqi/Github/rate/backend/vendor/phalapi/kernal/src/PhalApi.php(49): call_user_func(Array)
#7 /Users/lixuanqi/Github/rate/backend/public/index.php(9): PhalApi\PhalApi->response()
#8 {main}
2017-12-02 20:38:10|ERROR|App.Comment.GetComment|PDOException: Unknown column 'id' in 'where clause' in /Users/lixuanqi/Github/rate/backend/vendor/phalapi/notorm/src/NotORM/Result.php:261
Stack trace:
#0 /Users/lixuanqi/Github/rate/backend/vendor/phalapi/notorm/src/NotORM/Result.php(810): NotORM_Result->query('SELECT * FROM c...', Array)
#1 /Users/lixuanqi/Github/rate/backend/vendor/phalapi/notorm/src/NotORM/Result.php(856): NotORM_Result->execute()
#2 /Users/lixuanqi/Github/rate/backend/vendor/phalapi/notorm/src/NotORM/Result.php(1058): NotORM_Result->fetch()
#3 /Users/lixuanqi/Github/rate/backend/src/app/Domain/Comment.php(12): NotORM_Result->offsetGet(0)
#4 /Users/lixuanqi/Github/rate/backend/src/app/Api/Comment.php(31): App\Domain\Comment->getComment('1')
#5 [internal function]: App\Api\Comment->getComment()
#6 /Users/lixuanqi/Github/rate/backend/vendor/phalapi/kernal/src/PhalApi.php(49): call_user_func(Array)
#7 /Users/lixuanqi/Github/rate/backend/public/index.php(9): PhalApi\PhalApi->response()
#8 {main}
2017-12-02 20:38:48|ERROR|App.Comment.GetComment|PDOException: Unknown column 'id' in 'where clause' in /Users/lixuanqi/Github/rate/backend/vendor/phalapi/notorm/src/NotORM/Result.php:261
Stack trace:
#0 /Users/lixuanqi/Github/rate/backend/vendor/phalapi/notorm/src/NotORM/Result.php(810): NotORM_Result->query('SELECT * FROM c...', Array)
#1 /Users/lixuanqi/Github/rate/backend/vendor/phalapi/notorm/src/NotORM/Result.php(856): NotORM_Result->execute()
#2 /Users/lixuanqi/Github/rate/backend/vendor/phalapi/notorm/src/NotORM/Result.php(1058): NotORM_Result->fetch()
#3 /Users/lixuanqi/Github/rate/backend/src/app/Domain/Comment.php(12): NotORM_Result->offsetGet(1)
#4 /Users/lixuanqi/Github/rate/backend/src/app/Api/Comment.php(31): App\Domain\Comment->getComment('1')
#5 [internal function]: App\Api\Comment->getComment()
#6 /Users/lixuanqi/Github/rate/backend/vendor/phalapi/kernal/src/PhalApi.php(49): call_user_func(Array)
#7 /Users/lixuanqi/Github/rate/backend/public/index.php(9): PhalApi\PhalApi->response()
#8 {main}
2017-12-02 23:05:02|ERROR|App.Comment.SubmitComment|PDOException: Column 'cc_content' cannot be null in /Users/lixuanqi/Github/rate/backend/vendor/phalapi/notorm/src/NotORM/Result.php:261
Stack trace:
#0 /Users/lixuanqi/Github/rate/backend/vendor/phalapi/notorm/src/NotORM/Result.php(338): NotORM_Result->query('INSERT INTO cou...', Array)
#1 /Users/lixuanqi/Github/rate/backend/vendor/phalapi/notorm/src/NotORM/Result.php(355): NotORM_Result->insert_multi(Array)
#2 /Users/lixuanqi/Github/rate/backend/src/app/Model/Comment.php(22): NotORM_Result->insert(Array)
#3 /Users/lixuanqi/Github/rate/backend/src/app/Domain/Comment.php(29): App\Model\Comment->submitComment(NULL, NULL, NULL, NULL, NULL, NULL, '2017-12-02', NULL)
#4 /Users/lixuanqi/Github/rate/backend/src/app/Api/Comment.php(36): App\Domain\Comment->submitComment(NULL, NULL, NULL, NULL, NULL, NULL, '2017-12-02', NULL)
#5 [internal function]: App\Api\Comment->submitComment()
#6 /Users/lixuanqi/Github/rate/backend/vendor/phalapi/kernal/src/PhalApi.php(49): call_user_func(Array)
#7 /Users/lixuanqi/Github/rate/backend/public/index.php(9): PhalApi\PhalApi->response()
#8 {main}
2017-12-02 23:06:17|ERROR|App.Comment.SubmitComment|PDOException: Column 'cc_content' cannot be null in /Users/lixuanqi/Github/rate/backend/vendor/phalapi/notorm/src/NotORM/Result.php:261
Stack trace:
#0 /Users/lixuanqi/Github/rate/backend/vendor/phalapi/notorm/src/NotORM/Result.php(338): NotORM_Result->query('INSERT INTO cou...', Array)
#1 /Users/lixuanqi/Github/rate/backend/vendor/phalapi/notorm/src/NotORM/Result.php(355): NotORM_Result->insert_multi(Array)
#2 /Users/lixuanqi/Github/rate/backend/src/app/Model/Comment.php(22): NotORM_Result->insert(Array)
#3 /Users/lixuanqi/Github/rate/backend/src/app/Domain/Comment.php(29): App\Model\Comment->submitComment(NULL, NULL, NULL, NULL, NULL, NULL, '2017-12-02', NULL)
#4 /Users/lixuanqi/Github/rate/backend/src/app/Api/Comment.php(36): App\Domain\Comment->submitComment(NULL, NULL, NULL, NULL, NULL, NULL, '2017-12-02', NULL)
#5 [internal function]: App\Api\Comment->submitComment()
#6 /Users/lixuanqi/Github/rate/backend/vendor/phalapi/kernal/src/PhalApi.php(49): call_user_func(Array)
#7 /Users/lixuanqi/Github/rate/backend/public/index.php(9): PhalApi\PhalApi->response()
#8 {main}
2017-12-02 23:09:15|ERROR|App.Comment.SubmitComment|PDOException: Column 'cc_content' cannot be null in /Users/lixuanqi/Github/rate/backend/vendor/phalapi/notorm/src/NotORM/Result.php:261
Stack trace:
#0 /Users/lixuanqi/Github/rate/backend/vendor/phalapi/notorm/src/NotORM/Result.php(338): NotORM_Result->query('INSERT INTO cou...', Array)
#1 /Users/lixuanqi/Github/rate/backend/vendor/phalapi/notorm/src/NotORM/Result.php(355): NotORM_Result->insert_multi(Array)
#2 /Users/lixuanqi/Github/rate/backend/src/app/Model/Comment.php(22): NotORM_Result->insert(Array)
#3 /Users/lixuanqi/Github/rate/backend/src/app/Domain/Comment.php(29): App\Model\Comment->submitComment(NULL, NULL, NULL, NULL, NULL, NULL, '2017-12-02', NULL)
#4 /Users/lixuanqi/Github/rate/backend/src/app/Api/Comment.php(36): App\Domain\Comment->submitComment(NULL, NULL, NULL, NULL, NULL, NULL, '2017-12-02', NULL)
#5 [internal function]: App\Api\Comment->submitComment()
#6 /Users/lixuanqi/Github/rate/backend/vendor/phalapi/kernal/src/PhalApi.php(49): call_user_func(Array)
#7 /Users/lixuanqi/Github/rate/backend/public/index.php(9): PhalApi\PhalApi->response()
#8 {main}
2017-12-02 23:15:21|ERROR|App.Comment.SubmitComment|PDOException: Column 'cc_content' cannot be null in /Users/lixuanqi/Github/rate/backend/vendor/phalapi/notorm/src/NotORM/Result.php:261
Stack trace:
#0 /Users/lixuanqi/Github/rate/backend/vendor/phalapi/notorm/src/NotORM/Result.php(338): NotORM_Result->query('INSERT INTO cou...', Array)
#1 /Users/lixuanqi/Github/rate/backend/vendor/phalapi/notorm/src/NotORM/Result.php(355): NotORM_Result->insert_multi(Array)
#2 /Users/lixuanqi/Github/rate/backend/src/app/Model/Comment.php(24): NotORM_Result->insert(Array)
#3 /Users/lixuanqi/Github/rate/backend/src/app/Domain/Comment.php(30): App\Model\Comment->submitComment(NULL, NULL, NULL, NULL, NULL, NULL, '2017-12-02', NULL)
#4 /Users/lixuanqi/Github/rate/backend/src/app/Api/Comment.php(36): App\Domain\Comment->submitComment(NULL, NULL, NULL, NULL, NULL, NULL, '2017-12-02', NULL)
#5 [internal function]: App\Api\Comment->submitComment()
#6 /Users/lixuanqi/Github/rate/backend/vendor/phalapi/kernal/src/PhalApi.php(49): call_user_func(Array)
#7 /Users/lixuanqi/Github/rate/backend/public/index.php(9): PhalApi\PhalApi->response()
#8 {main}
2017-12-02 23:18:17|ERROR|App.Comment.SubmitComment|PDOException: Column 'cc_content' cannot be null in /Users/lixuanqi/Github/rate/backend/vendor/phalapi/notorm/src/NotORM/Result.php:261
Stack trace:
#0 /Users/lixuanqi/Github/rate/backend/vendor/phalapi/notorm/src/NotORM/Result.php(338): NotORM_Result->query('INSERT INTO cou...', Array)
#1 /Users/lixuanqi/Github/rate/backend/vendor/phalapi/notorm/src/NotORM/Result.php(355): NotORM_Result->insert_multi(Array)
#2 /Users/lixuanqi/Github/rate/backend/src/app/Model/Comment.php(24): NotORM_Result->insert(Array)
#3 /Users/lixuanqi/Github/rate/backend/src/app/Domain/Comment.php(30): App\Model\Comment->submitComment(NULL, NULL, NULL, NULL, NULL, NULL, '2017-12-02', NULL)
#4 /Users/lixuanqi/Github/rate/backend/src/app/Api/Comment.php(36): App\Domain\Comment->submitComment(NULL, NULL, NULL, NULL, NULL, NULL, '2017-12-02', NULL)
#5 [internal function]: App\Api\Comment->submitComment()
#6 /Users/lixuanqi/Github/rate/backend/vendor/phalapi/kernal/src/PhalApi.php(49): call_user_func(Array)
#7 /Users/lixuanqi/Github/rate/backend/public/index.php(9): PhalApi\PhalApi->response()
#8 {main}
2017-12-02 23:20:36|ERROR|App.Comment.SubmitComment|PDOException: Column 'cc_content' cannot be null in /Users/lixuanqi/Github/rate/backend/vendor/phalapi/notorm/src/NotORM/Result.php:261
Stack trace:
#0 /Users/lixuanqi/Github/rate/backend/vendor/phalapi/notorm/src/NotORM/Result.php(338): NotORM_Result->query('INSERT INTO cou...', Array)
#1 /Users/lixuanqi/Github/rate/backend/vendor/phalapi/notorm/src/NotORM/Result.php(355): NotORM_Result->insert_multi(Array)
#2 /Users/lixuanqi/Github/rate/backend/src/app/Model/Comment.php(24): NotORM_Result->insert(Array)
#3 /Users/lixuanqi/Github/rate/backend/src/app/Domain/Comment.php(30): App\Model\Comment->submitComment(NULL, NULL, NULL, NULL, NULL, NULL, '2017-12-02', NULL)
#4 /Users/lixuanqi/Github/rate/backend/src/app/Api/Comment.php(37): App\Domain\Comment->submitComment(NULL, NULL, NULL, NULL, NULL, NULL, '2017-12-02', NULL)
#5 [internal function]: App\Api\Comment->submitComment()
#6 /Users/lixuanqi/Github/rate/backend/vendor/phalapi/kernal/src/PhalApi.php(49): call_user_func(Array)
#7 /Users/lixuanqi/Github/rate/backend/public/index.php(9): PhalApi\PhalApi->response()
#8 {main}
2017-12-02 23:23:57|ERROR|App.Comment.SubmitComment|PDOException: Column 'cc_content' cannot be null in /Users/lixuanqi/Github/rate/backend/vendor/phalapi/notorm/src/NotORM/Result.php:261
Stack trace:
#0 /Users/lixuanqi/Github/rate/backend/vendor/phalapi/notorm/src/NotORM/Result.php(338): NotORM_Result->query('INSERT INTO cou...', Array)
#1 /Users/lixuanqi/Github/rate/backend/vendor/phalapi/notorm/src/NotORM/Result.php(355): NotORM_Result->insert_multi(Array)
#2 /Users/lixuanqi/Github/rate/backend/src/app/Model/Comment.php(24): NotORM_Result->insert(Array)
#3 /Users/lixuanqi/Github/rate/backend/src/app/Domain/Comment.php(30): App\Model\Comment->submitComment(NULL, NULL, NULL, NULL, NULL, NULL, '2017-12-02', NULL)
#4 /Users/lixuanqi/Github/rate/backend/src/app/Api/Comment.php(37): App\Domain\Comment->submitComment(NULL, NULL, NULL, NULL, NULL, NULL, '2017-12-02', NULL)
#5 [internal function]: App\Api\Comment->submitComment()
#6 /Users/lixuanqi/Github/rate/backend/vendor/phalapi/kernal/src/PhalApi.php(49): call_user_func(Array)
#7 /Users/lixuanqi/Github/rate/backend/public/index.php(9): PhalApi\PhalApi->response()
#8 {main}
2017-12-02 23:31:15|ERROR|App.Comment.SubmitComment|PDOException: Column 'cc_content' cannot be null in /Users/lixuanqi/Github/rate/backend/vendor/phalapi/notorm/src/NotORM/Result.php:261
Stack trace:
#0 /Users/lixuanqi/Github/rate/backend/vendor/phalapi/notorm/src/NotORM/Result.php(338): NotORM_Result->query('INSERT INTO cou...', Array)
#1 /Users/lixuanqi/Github/rate/backend/vendor/phalapi/notorm/src/NotORM/Result.php(355): NotORM_Result->insert_multi(Array)
#2 /Users/lixuanqi/Github/rate/backend/src/app/Model/Comment.php(24): NotORM_Result->insert(Array)
#3 /Users/lixuanqi/Github/rate/backend/src/app/Domain/Comment.php(30): App\Model\Comment->submitComment(NULL, NULL, NULL, NULL, NULL, NULL, '2017-12-02', NULL)
#4 /Users/lixuanqi/Github/rate/backend/src/app/Api/Comment.php(35): App\Domain\Comment->submitComment(NULL, NULL, NULL, NULL, NULL, NULL, '2017-12-02', NULL)
#5 [internal function]: App\Api\Comment->submitComment()
#6 /Users/lixuanqi/Github/rate/backend/vendor/phalapi/kernal/src/PhalApi.php(49): call_user_func(Array)
#7 /Users/lixuanqi/Github/rate/backend/public/index.php(9): PhalApi\PhalApi->response()
#8 {main}
2017-12-02 23:32:11|ERROR|App.Comment.SubmitComment|PDOException: Column 'cc_content' cannot be null in /Users/lixuanqi/Github/rate/backend/vendor/phalapi/notorm/src/NotORM/Result.php:261
Stack trace:
#0 /Users/lixuanqi/Github/rate/backend/vendor/phalapi/notorm/src/NotORM/Result.php(338): NotORM_Result->query('INSERT INTO cou...', Array)
#1 /Users/lixuanqi/Github/rate/backend/vendor/phalapi/notorm/src/NotORM/Result.php(355): NotORM_Result->insert_multi(Array)
#2 /Users/lixuanqi/Github/rate/backend/src/app/Model/Comment.php(24): NotORM_Result->insert(Array)
#3 /Users/lixuanqi/Github/rate/backend/src/app/Domain/Comment.php(30): App\Model\Comment->submitComment(NULL, NULL, NULL, NULL, NULL, NULL, '2017-12-02', NULL)
#4 /Users/lixuanqi/Github/rate/backend/src/app/Api/Comment.php(35): App\Domain\Comment->submitComment(NULL, NULL, NULL, NULL, NULL, NULL, '2017-12-02', NULL)
#5 [internal function]: App\Api\Comment->submitComment()
#6 /Users/lixuanqi/Github/rate/backend/vendor/phalapi/kernal/src/PhalApi.php(49): call_user_func(Array)
#7 /Users/lixuanqi/Github/rate/backend/public/index.php(9): PhalApi\PhalApi->response()
#8 {main}
2017-12-02 23:32:38|ERROR|App.Comment.SubmitComment|PDOException: Column 'cc_content' cannot be null in /Users/lixuanqi/Github/rate/backend/vendor/phalapi/notorm/src/NotORM/Result.php:261
Stack trace:
#0 /Users/lixuanqi/Github/rate/backend/vendor/phalapi/notorm/src/NotORM/Result.php(338): NotORM_Result->query('INSERT INTO cou...', Array)
#1 /Users/lixuanqi/Github/rate/backend/vendor/phalapi/notorm/src/NotORM/Result.php(355): NotORM_Result->insert_multi(Array)
#2 /Users/lixuanqi/Github/rate/backend/src/app/Model/Comment.php(24): NotORM_Result->insert(Array)
#3 /Users/lixuanqi/Github/rate/backend/src/app/Domain/Comment.php(30): App\Model\Comment->submitComment(NULL, NULL, NULL, NULL, NULL, NULL, '2017-12-02', NULL)
#4 /Users/lixuanqi/Github/rate/backend/src/app/Api/Comment.php(35): App\Domain\Comment->submitComment(NULL, NULL, NULL, NULL, NULL, NULL, '2017-12-02', NULL)
#5 [internal function]: App\Api\Comment->submitComment()
#6 /Users/lixuanqi/Github/rate/backend/vendor/phalapi/kernal/src/PhalApi.php(49): call_user_func(Array)
#7 /Users/lixuanqi/Github/rate/backend/public/index.php(9): PhalApi\PhalApi->response()
#8 {main}
2017-12-02 23:58:38|ERROR|App.Comment.SubmitComment|PDOException: Incorrect integer value: '' for column 'cc_grade' at row 1 in /Users/lixuanqi/Github/rate/backend/vendor/phalapi/notorm/src/NotORM/Result.php:261
Stack trace:
#0 /Users/lixuanqi/Github/rate/backend/vendor/phalapi/notorm/src/NotORM/Result.php(338): NotORM_Result->query('INSERT INTO cou...', Array)
#1 /Users/lixuanqi/Github/rate/backend/vendor/phalapi/notorm/src/NotORM/Result.php(355): NotORM_Result->insert_multi(Array)
#2 /Users/lixuanqi/Github/rate/backend/src/app/Model/Comment.php(24): NotORM_Result->insert(Array)
#3 /Users/lixuanqi/Github/rate/backend/src/app/Domain/Comment.php(34): App\Model\Comment->submitComment('5555', '5', '5', '5', '', '1', '2017-12-02', '\xE5\x8D\x8A\xE5\xBC\x80\xE5\x8D\xB7')
#4 /Users/lixuanqi/Github/rate/backend/src/app/Api/Comment.php(35): App\Domain\Comment->submitComment('5555', '5', '5', '5', '', '1', '2017-12-02', '\xE5\x8D\x8A\xE5\xBC\x80\xE5\x8D\xB7')
#5 [internal function]: App\Api\Comment->submitComment()
#6 /Users/lixuanqi/Github/rate/backend/vendor/phalapi/kernal/src/PhalApi.php(49): call_user_func(Array)
#7 /Users/lixuanqi/Github/rate/backend/public/index.php(9): PhalApi\PhalApi->response()
#8 {main}
2017-12-02 23:59:13|ERROR|App.Comment.SubmitComment|PDOException: Incorrect integer value: '' for column 'cc_grade' at row 1 in /Users/lixuanqi/Github/rate/backend/vendor/phalapi/notorm/src/NotORM/Result.php:261
Stack trace:
#0 /Users/lixuanqi/Github/rate/backend/vendor/phalapi/notorm/src/NotORM/Result.php(338): NotORM_Result->query('INSERT INTO cou...', Array)
#1 /Users/lixuanqi/Github/rate/backend/vendor/phalapi/notorm/src/NotORM/Result.php(355): NotORM_Result->insert_multi(Array)
#2 /Users/lixuanqi/Github/rate/backend/src/app/Model/Comment.php(24): NotORM_Result->insert(Array)
#3 /Users/lixuanqi/Github/rate/backend/src/app/Domain/Comment.php(34): App\Model\Comment->submitComment('5555', '5', '5', '5', '', '1', '2017-12-02', '\xE9\x97\xAD\xE5\x8D\xB7')
#4 /Users/lixuanqi/Github/rate/backend/src/app/Api/Comment.php(35): App\Domain\Comment->submitComment('5555', '5', '5', '5', '', '1', '2017-12-02', '\xE9\x97\xAD\xE5\x8D\xB7')
#5 [internal function]: App\Api\Comment->submitComment()
#6 /Users/lixuanqi/Github/rate/backend/vendor/phalapi/kernal/src/PhalApi.php(49): call_user_func(Array)
#7 /Users/lixuanqi/Github/rate/backend/public/index.php(9): PhalApi\PhalApi->response()
#8 {main}
2017-12-02 23:59:35|ERROR|App.Comment.SubmitComment|PDOException: Incorrect integer value: '' for column 'cc_grade' at row 1 in /Users/lixuanqi/Github/rate/backend/vendor/phalapi/notorm/src/NotORM/Result.php:261
Stack trace:
#0 /Users/lixuanqi/Github/rate/backend/vendor/phalapi/notorm/src/NotORM/Result.php(338): NotORM_Result->query('INSERT INTO cou...', Array)
#1 /Users/lixuanqi/Github/rate/backend/vendor/phalapi/notorm/src/NotORM/Result.php(355): NotORM_Result->insert_multi(Array)
#2 /Users/lixuanqi/Github/rate/backend/src/app/Model/Comment.php(24): NotORM_Result->insert(Array)
#3 /Users/lixuanqi/Github/rate/backend/src/app/Domain/Comment.php(34): App\Model\Comment->submitComment('5555', '5', '5', '5', '', '1', '2017-12-02', '\xE9\x97\xAD\xE5\x8D\xB7')
#4 /Users/lixuanqi/Github/rate/backend/src/app/Api/Comment.php(35): App\Domain\Comment->submitComment('5555', '5', '5', '5', '', '1', '2017-12-02', '\xE9\x97\xAD\xE5\x8D\xB7')
#5 [internal function]: App\Api\Comment->submitComment()
#6 /Users/lixuanqi/Github/rate/backend/vendor/phalapi/kernal/src/PhalApi.php(49): call_user_func(Array)
#7 /Users/lixuanqi/Github/rate/backend/public/index.php(9): PhalApi\PhalApi->response()
#8 {main}
2017-12-02 23:59:36|ERROR|App.Comment.SubmitComment|PDOException: Column 'cc_content' cannot be null in /Users/lixuanqi/Github/rate/backend/vendor/phalapi/notorm/src/NotORM/Result.php:261
Stack trace:
#0 /Users/lixuanqi/Github/rate/backend/vendor/phalapi/notorm/src/NotORM/Result.php(338): NotORM_Result->query('INSERT INTO cou...', Array)
#1 /Users/lixuanqi/Github/rate/backend/vendor/phalapi/notorm/src/NotORM/Result.php(355): NotORM_Result->insert_multi(Array)
#2 /Users/lixuanqi/Github/rate/backend/src/app/Model/Comment.php(24): NotORM_Result->insert(Array)
#3 /Users/lixuanqi/Github/rate/backend/src/app/Domain/Comment.php(34): App\Model\Comment->submitComment(NULL, NULL, NULL, NULL, NULL, NULL, '2017-12-02', NULL)
#4 /Users/lixuanqi/Github/rate/backend/src/app/Api/Comment.php(35): App\Domain\Comment->submitComment(NULL, NULL, NULL, NULL, NULL, NULL, '2017-12-02', NULL)
#5 [internal function]: App\Api\Comment->submitComment()
#6 /Users/lixuanqi/Github/rate/backend/vendor/phalapi/kernal/src/PhalApi.php(49): call_user_func(Array)
#7 /Users/lixuanqi/Github/rate/backend/public/index.php(9): PhalApi\PhalApi->response()
#8 {main}
